<?xml version="1.0" encoding="UTF-8"?>
<!-- Generated by org.testng.reporters.JUnitXMLReporter -->
<testsuite ignored="0" hostname="DESKTOP-OS617JJ" failures="0" tests="41" name="Quick" time="287.718" errors="0" timestamp="2023-11-18T15:56:06 CET">
  <testcase classname="org.nat.dog.tests.TestBase" name="@BeforeMethod init" time="4.821">
    <failure type="org.openqa.selenium.SessionNotCreatedException" message="Could not start a new session. Response code 500. Message: unknown error: failed to write prefs file 
Host info: host: &amp;apos;DESKTOP-OS617JJ&amp;apos;, ip: &amp;apos;172.18.176.1&amp;apos;
Build info: version: &amp;apos;4.12.1&amp;apos;, revision: &amp;apos;8e34639b11&amp;apos;
System info: os.name: &amp;apos;Windows 10&amp;apos;, os.arch: &amp;apos;amd64&amp;apos;, os.version: &amp;apos;10.0&amp;apos;, java.version: &amp;apos;11.0.16&amp;apos;
Driver info: org.openqa.selenium.chrome.ChromeDriver
Command: [null, newSession {capabilities=[Capabilities {browserName: chrome, goog:chromeOptions: {args: [--remote-allow-origins=*], binary: C:\Program Files\Google\Chr..., extensions: []}}]}]">
      <![CDATA[org.openqa.selenium.SessionNotCreatedException: Could not start a new session. Response code 500. Message: unknown error: failed to write prefs file 
Host info: host: 'DESKTOP-OS617JJ', ip: '172.18.176.1'
Build info: version: '4.12.1', revision: '8e34639b11'
System info: os.name: 'Windows 10', os.arch: 'amd64', os.version: '10.0', java.version: '11.0.16'
Driver info: org.openqa.selenium.chrome.ChromeDriver
Command: [null, newSession {capabilities=[Capabilities {browserName: chrome, goog:chromeOptions: {args: [--remote-allow-origins=*], binary: C:\Program Files\Google\Chr..., extensions: []}}]}]
at org.openqa.selenium.remote.ProtocolHandshake.createSession(ProtocolHandshake.java:140)
at org.openqa.selenium.remote.ProtocolHandshake.createSession(ProtocolHandshake.java:96)
at org.openqa.selenium.remote.ProtocolHandshake.createSession(ProtocolHandshake.java:68)
at org.openqa.selenium.remote.HttpCommandExecutor.execute(HttpCommandExecutor.java:163)
at org.openqa.selenium.remote.service.DriverCommandExecutor.invokeExecute(DriverCommandExecutor.java:196)
at org.openqa.selenium.remote.service.DriverCommandExecutor.execute(DriverCommandExecutor.java:171)
at org.openqa.selenium.remote.RemoteWebDriver.execute(RemoteWebDriver.java:602)
at org.openqa.selenium.remote.RemoteWebDriver.startSession(RemoteWebDriver.java:236)
at org.openqa.selenium.remote.RemoteWebDriver.<init>(RemoteWebDriver.java:163)
at org.openqa.selenium.chromium.ChromiumDriver.<init>(ChromiumDriver.java:108)
at org.openqa.selenium.chrome.ChromeDriver.<init>(ChromeDriver.java:88)
at org.openqa.selenium.chrome.ChromeDriver.<init>(ChromeDriver.java:83)
at org.openqa.selenium.chrome.ChromeDriver.<init>(ChromeDriver.java:51)
at org.nat.dog.tests.TestBase.init(TestBase.java:35)
at java.base/java.util.ArrayList.forEach(ArrayList.java:1541)
... Removed 34 stack frames]]>
    </failure>
  </testcase> <!-- @BeforeMethod init -->
  <testcase classname="org.nat.dog.tests.TestBase" name="@BeforeMethod startLogger" time="0.0">
    <skipped/>
  </testcase> <!-- @BeforeMethod startLogger -->
  <testcase classname="org.nat.dog.tests.TestBase" name="@BeforeMethod init" time="0.0">
    <skipped/>
  </testcase> <!-- @BeforeMethod init -->
  <testcase classname="org.nat.dog.tests.TestBase" name="@BeforeMethod startLogger" time="0.0">
    <skipped/>
  </testcase> <!-- @BeforeMethod startLogger -->
  <testcase classname="org.nat.dog.tests.TestBase" name="@BeforeMethod init" time="0.0">
    <skipped/>
  </testcase> <!-- @BeforeMethod init -->
  <testcase classname="org.nat.dog.tests.TestBase" name="@BeforeMethod startLogger" time="0.0">
    <skipped/>
  </testcase> <!-- @BeforeMethod startLogger -->
  <testcase classname="org.nat.dog.tests.TestBase" name="@BeforeMethod init" time="0.0">
    <skipped/>
  </testcase> <!-- @BeforeMethod init -->
  <testcase classname="org.nat.dog.tests.TestBase" name="@BeforeMethod startLogger" time="0.0">
    <skipped/>
  </testcase> <!-- @BeforeMethod startLogger -->
  <testcase classname="org.nat.dog.tests.TestBase" name="@BeforeMethod init" time="0.0">
    <skipped/>
  </testcase> <!-- @BeforeMethod init -->
  <testcase classname="org.nat.dog.tests.TestBase" name="@BeforeMethod startLogger" time="0.0">
    <skipped/>
  </testcase> <!-- @BeforeMethod startLogger -->
  <testcase classname="org.nat.dog.tests.TestBase" name="@BeforeMethod init" time="0.0">
    <skipped/>
  </testcase> <!-- @BeforeMethod init -->
  <testcase classname="org.nat.dog.tests.TestBase" name="@BeforeMethod startLogger" time="0.0">
    <skipped/>
  </testcase> <!-- @BeforeMethod startLogger -->
  <testcase classname="org.nat.dog.tests.TestBase" name="@BeforeMethod init" time="0.0">
    <skipped/>
  </testcase> <!-- @BeforeMethod init -->
  <testcase classname="org.nat.dog.tests.TestBase" name="@BeforeMethod startLogger" time="0.0">
    <skipped/>
  </testcase> <!-- @BeforeMethod startLogger -->
  <testcase classname="org.nat.dog.tests.TestBase" name="@BeforeMethod init" time="0.0">
    <skipped/>
  </testcase> <!-- @BeforeMethod init -->
  <testcase classname="org.nat.dog.tests.TestBase" name="@BeforeMethod startLogger" time="0.0">
    <skipped/>
  </testcase> <!-- @BeforeMethod startLogger -->
  <testcase classname="org.nat.dog.tests.TestBase" name="@BeforeMethod init" time="0.0">
    <skipped/>
  </testcase> <!-- @BeforeMethod init -->
  <testcase classname="org.nat.dog.tests.TestBase" name="@BeforeMethod startLogger" time="0.0">
    <skipped/>
  </testcase> <!-- @BeforeMethod startLogger -->
  <testcase classname="org.nat.dog.tests.TestBase" name="@BeforeMethod init" time="3.799">
    <failure type="org.openqa.selenium.SessionNotCreatedException" message="Could not start a new session. Response code 500. Message: unknown error: failed to write prefs file 
Host info: host: &amp;apos;DESKTOP-OS617JJ&amp;apos;, ip: &amp;apos;172.18.176.1&amp;apos;
Build info: version: &amp;apos;4.12.1&amp;apos;, revision: &amp;apos;8e34639b11&amp;apos;
System info: os.name: &amp;apos;Windows 10&amp;apos;, os.arch: &amp;apos;amd64&amp;apos;, os.version: &amp;apos;10.0&amp;apos;, java.version: &amp;apos;11.0.16&amp;apos;
Driver info: org.openqa.selenium.chrome.ChromeDriver
Command: [null, newSession {capabilities=[Capabilities {browserName: chrome, goog:chromeOptions: {args: [--remote-allow-origins=*], binary: C:\Program Files\Google\Chr..., extensions: []}}]}]">
      <![CDATA[org.openqa.selenium.SessionNotCreatedException: Could not start a new session. Response code 500. Message: unknown error: failed to write prefs file 
Host info: host: 'DESKTOP-OS617JJ', ip: '172.18.176.1'
Build info: version: '4.12.1', revision: '8e34639b11'
System info: os.name: 'Windows 10', os.arch: 'amd64', os.version: '10.0', java.version: '11.0.16'
Driver info: org.openqa.selenium.chrome.ChromeDriver
Command: [null, newSession {capabilities=[Capabilities {browserName: chrome, goog:chromeOptions: {args: [--remote-allow-origins=*], binary: C:\Program Files\Google\Chr..., extensions: []}}]}]
at org.openqa.selenium.remote.ProtocolHandshake.createSession(ProtocolHandshake.java:140)
at org.openqa.selenium.remote.ProtocolHandshake.createSession(ProtocolHandshake.java:96)
at org.openqa.selenium.remote.ProtocolHandshake.createSession(ProtocolHandshake.java:68)
at org.openqa.selenium.remote.HttpCommandExecutor.execute(HttpCommandExecutor.java:163)
at org.openqa.selenium.remote.service.DriverCommandExecutor.invokeExecute(DriverCommandExecutor.java:196)
at org.openqa.selenium.remote.service.DriverCommandExecutor.execute(DriverCommandExecutor.java:171)
at org.openqa.selenium.remote.RemoteWebDriver.execute(RemoteWebDriver.java:602)
at org.openqa.selenium.remote.RemoteWebDriver.startSession(RemoteWebDriver.java:236)
at org.openqa.selenium.remote.RemoteWebDriver.<init>(RemoteWebDriver.java:163)
at org.openqa.selenium.chromium.ChromiumDriver.<init>(ChromiumDriver.java:108)
at org.openqa.selenium.chrome.ChromeDriver.<init>(ChromeDriver.java:88)
at org.openqa.selenium.chrome.ChromeDriver.<init>(ChromeDriver.java:83)
at org.openqa.selenium.chrome.ChromeDriver.<init>(ChromeDriver.java:51)
at org.nat.dog.tests.TestBase.init(TestBase.java:35)
at java.base/java.util.ArrayList.forEach(ArrayList.java:1541)
... Removed 34 stack frames]]>
    </failure>
  </testcase> <!-- @BeforeMethod init -->
  <testcase classname="org.nat.dog.tests.TestBase" name="@BeforeMethod startLogger" time="0.0">
    <skipped/>
  </testcase> <!-- @BeforeMethod startLogger -->
  <testcase classname="org.nat.dog.tests.TestBase" name="@BeforeMethod init" time="0.0">
    <skipped/>
  </testcase> <!-- @BeforeMethod init -->
  <testcase classname="org.nat.dog.tests.TestBase" name="@BeforeMethod startLogger" time="0.0">
    <skipped/>
  </testcase> <!-- @BeforeMethod startLogger -->
  <testcase classname="org.nat.dog.tests.TestBase" name="@BeforeMethod init" time="0.0">
    <skipped/>
  </testcase> <!-- @BeforeMethod init -->
  <testcase classname="org.nat.dog.tests.TestBase" name="@BeforeMethod startLogger" time="0.0">
    <skipped/>
  </testcase> <!-- @BeforeMethod startLogger -->
  <testcase classname="org.nat.dog.tests.TestBase" name="@BeforeMethod init" time="0.0">
    <skipped/>
  </testcase> <!-- @BeforeMethod init -->
  <testcase classname="org.nat.dog.tests.TestBase" name="@BeforeMethod startLogger" time="0.0">
    <skipped/>
  </testcase> <!-- @BeforeMethod startLogger -->
  <testcase classname="org.nat.dog.tests.TestBase" name="@BeforeMethod init" time="0.0">
    <skipped/>
  </testcase> <!-- @BeforeMethod init -->
  <testcase classname="org.nat.dog.tests.TestBase" name="@BeforeMethod startLogger" time="0.0">
    <skipped/>
  </testcase> <!-- @BeforeMethod startLogger -->
  <testcase classname="org.nat.dog.tests.TestBase" name="@BeforeMethod init" time="0.0">
    <skipped/>
  </testcase> <!-- @BeforeMethod init -->
  <testcase classname="org.nat.dog.tests.TestBase" name="@BeforeMethod startLogger" time="0.0">
    <skipped/>
  </testcase> <!-- @BeforeMethod startLogger -->
  <testcase classname="org.nat.dog.tests.TestBase" name="@BeforeMethod init" time="0.0">
    <skipped/>
  </testcase> <!-- @BeforeMethod init -->
  <testcase classname="org.nat.dog.tests.TestBase" name="@BeforeMethod startLogger" time="0.0">
    <skipped/>
  </testcase> <!-- @BeforeMethod startLogger -->
  <testcase classname="org.nat.dog.tests.TestBase" name="@BeforeMethod init" time="0.0">
    <skipped/>
  </testcase> <!-- @BeforeMethod init -->
  <testcase classname="org.nat.dog.tests.TestBase" name="@BeforeMethod startLogger" time="0.0">
    <skipped/>
  </testcase> <!-- @BeforeMethod startLogger -->
  <testcase classname="org.nat.dog.tests.TestBase" name="@BeforeMethod init" time="5.159">
    <failure type="org.openqa.selenium.SessionNotCreatedException" message="Could not start a new session. Response code 500. Message: unknown error: failed to write prefs file 
Host info: host: &amp;apos;DESKTOP-OS617JJ&amp;apos;, ip: &amp;apos;172.18.176.1&amp;apos;
Build info: version: &amp;apos;4.12.1&amp;apos;, revision: &amp;apos;8e34639b11&amp;apos;
System info: os.name: &amp;apos;Windows 10&amp;apos;, os.arch: &amp;apos;amd64&amp;apos;, os.version: &amp;apos;10.0&amp;apos;, java.version: &amp;apos;11.0.16&amp;apos;
Driver info: org.openqa.selenium.chrome.ChromeDriver
Command: [null, newSession {capabilities=[Capabilities {browserName: chrome, goog:chromeOptions: {args: [--remote-allow-origins=*], binary: C:\Program Files\Google\Chr..., extensions: []}}]}]">
      <![CDATA[org.openqa.selenium.SessionNotCreatedException: Could not start a new session. Response code 500. Message: unknown error: failed to write prefs file 
Host info: host: 'DESKTOP-OS617JJ', ip: '172.18.176.1'
Build info: version: '4.12.1', revision: '8e34639b11'
System info: os.name: 'Windows 10', os.arch: 'amd64', os.version: '10.0', java.version: '11.0.16'
Driver info: org.openqa.selenium.chrome.ChromeDriver
Command: [null, newSession {capabilities=[Capabilities {browserName: chrome, goog:chromeOptions: {args: [--remote-allow-origins=*], binary: C:\Program Files\Google\Chr..., extensions: []}}]}]
at org.openqa.selenium.remote.ProtocolHandshake.createSession(ProtocolHandshake.java:140)
at org.openqa.selenium.remote.ProtocolHandshake.createSession(ProtocolHandshake.java:96)
at org.openqa.selenium.remote.ProtocolHandshake.createSession(ProtocolHandshake.java:68)
at org.openqa.selenium.remote.HttpCommandExecutor.execute(HttpCommandExecutor.java:163)
at org.openqa.selenium.remote.service.DriverCommandExecutor.invokeExecute(DriverCommandExecutor.java:196)
at org.openqa.selenium.remote.service.DriverCommandExecutor.execute(DriverCommandExecutor.java:171)
at org.openqa.selenium.remote.RemoteWebDriver.execute(RemoteWebDriver.java:602)
at org.openqa.selenium.remote.RemoteWebDriver.startSession(RemoteWebDriver.java:236)
at org.openqa.selenium.remote.RemoteWebDriver.<init>(RemoteWebDriver.java:163)
at org.openqa.selenium.chromium.ChromiumDriver.<init>(ChromiumDriver.java:108)
at org.openqa.selenium.chrome.ChromeDriver.<init>(ChromeDriver.java:88)
at org.openqa.selenium.chrome.ChromeDriver.<init>(ChromeDriver.java:83)
at org.openqa.selenium.chrome.ChromeDriver.<init>(ChromeDriver.java:51)
at org.nat.dog.tests.TestBase.init(TestBase.java:35)
at java.base/java.util.ArrayList.forEach(ArrayList.java:1541)
... Removed 34 stack frames]]>
    </failure>
  </testcase> <!-- @BeforeMethod init -->
  <testcase classname="org.nat.dog.tests.TestBase" name="@BeforeMethod startLogger" time="0.0">
    <skipped/>
  </testcase> <!-- @BeforeMethod startLogger -->
  <testcase classname="org.nat.dog.tests.kennelsPage.KennelsPageTests" name="@BeforeMethod precondition" time="0.0">
    <skipped/>
  </testcase> <!-- @BeforeMethod precondition -->
  <testcase classname="org.nat.dog.tests.TestBase" name="@BeforeMethod init" time="0.0">
    <skipped/>
  </testcase> <!-- @BeforeMethod init -->
  <testcase classname="org.nat.dog.tests.TestBase" name="@BeforeMethod startLogger" time="0.0">
    <skipped/>
  </testcase> <!-- @BeforeMethod startLogger -->
  <testcase classname="org.nat.dog.tests.kennelsPage.KennelsPageTests" name="@BeforeMethod precondition" time="0.0">
    <skipped/>
  </testcase> <!-- @BeforeMethod precondition -->
  <testcase classname="org.nat.dog.tests.TestBase" name="@BeforeMethod init" time="0.0">
    <skipped/>
  </testcase> <!-- @BeforeMethod init -->
  <testcase classname="org.nat.dog.tests.TestBase" name="@BeforeMethod startLogger" time="0.0">
    <skipped/>
  </testcase> <!-- @BeforeMethod startLogger -->
  <testcase classname="org.nat.dog.tests.kennelsPage.KennelsPageTests" name="@BeforeMethod precondition" time="0.0">
    <skipped/>
  </testcase> <!-- @BeforeMethod precondition -->
  <testcase classname="org.nat.dog.tests.aboutPage.AboutPageTests" name="isAboutComponentPresentTest" time="0.213"/>
  <testcase classname="org.nat.dog.tests.clinicsPage.ClinicsPageTests" name="fillClinicsForm" time="1.509"/>
  <testcase classname="org.nat.dog.tests.clinicsPage.ClinicsPageTests" name="isClinicsComponentPresentTest" time="0.226"/>
  <testcase classname="org.nat.dog.tests.clinicsPage.ClinicsPageTests" name="showClinicsList" time="1.444"/>
  <testcase classname="org.nat.dog.tests.contactPage.ContactPageTests" name="fillInTouchFormTest" time="4.448"/>
  <testcase classname="org.nat.dog.tests.contactPage.ContactPageTests" name="isGoingToGoogleMapsTest" time="0.186"/>
  <testcase classname="org.nat.dog.tests.footerPage.FooterPageTests" name="isDatenschutzbestimmungenLinkClickableTest" time="1.968"/>
  <testcase classname="org.nat.dog.tests.footerPage.FooterPageTests" name="isDatenschutzbestimmungenLinkPresentTest" time="0.181"/>
  <testcase classname="org.nat.dog.tests.footerPage.FooterPageTests" name="isEineFragenStelenLinkClickableTest" time="1.721"/>
  <testcase classname="org.nat.dog.tests.footerPage.FooterPageTests" name="isEineFragenStelenLinkPresentTest" time="0.609"/>
  <testcase classname="org.nat.dog.tests.footerPage.FooterPageTests" name="isEmailPresentTest" time="0.484"/>
  <testcase classname="org.nat.dog.tests.footerPage.FooterPageTests" name="isFacebookComponentPresentTest" time="2.733"/>
  <testcase classname="org.nat.dog.tests.footerPage.FooterPageTests" name="isHotelFürHundeLinkClickableTest" time="1.713"/>
  <testcase classname="org.nat.dog.tests.footerPage.FooterPageTests" name="isHotelFürHundeLinkPresentTest" time="0.369"/>
  <testcase classname="org.nat.dog.tests.footerPage.FooterPageTests" name="isHundesitterLinkClickableTest" time="1.955"/>
  <testcase classname="org.nat.dog.tests.footerPage.FooterPageTests" name="isHundesitterLinkPresentTest" time="0.607"/>
  <testcase classname="org.nat.dog.tests.footerPage.FooterPageTests" name="isHundeverpaarrungLinkClickableTest" time="5.494"/>
  <testcase classname="org.nat.dog.tests.footerPage.FooterPageTests" name="isHundeverpaarrungLinkPresentTest" time="0.801"/>
  <testcase classname="org.nat.dog.tests.footerPage.FooterPageTests" name="isInstagramComponentPresentTest" time="4.433"/>
  <testcase classname="org.nat.dog.tests.footerPage.FooterPageTests" name="isMainAddressPresentTest" time="1.369"/>
  <testcase classname="org.nat.dog.tests.footerPage.FooterPageTests" name="isNutzungsvertragLinkClickableTest" time="2.186"/>
  <testcase classname="org.nat.dog.tests.footerPage.FooterPageTests" name="isNutzungsvertragLinkPresentTest" time="0.019">
    <skipped/>
  </testcase> <!-- isNutzungsvertragLinkPresentTest -->
  <testcase classname="org.nat.dog.tests.footerPage.FooterPageTests" name="isPhonePresentTest" time="0.0">
    <skipped/>
  </testcase> <!-- isPhonePresentTest -->
  <testcase classname="org.nat.dog.tests.footerPage.FooterPageTests" name="isRegistrirenLinkClickableTest" time="0.0">
    <skipped/>
  </testcase> <!-- isRegistrirenLinkClickableTest -->
  <testcase classname="org.nat.dog.tests.footerPage.FooterPageTests" name="isRegistrirenLinkPresentTest" time="0.0">
    <skipped/>
  </testcase> <!-- isRegistrirenLinkPresentTest -->
  <testcase classname="org.nat.dog.tests.footerPage.FooterPageTests" name="isVerkaufVonHundeLinkClickableTest" time="0.0">
    <skipped/>
  </testcase> <!-- isVerkaufVonHundeLinkClickableTest -->
  <testcase classname="org.nat.dog.tests.footerPage.FooterPageTests" name="isVerkaufVonHundeLinkPresentTest" time="0.0">
    <skipped/>
  </testcase> <!-- isVerkaufVonHundeLinkPresentTest -->
  <testcase classname="org.nat.dog.tests.footerPage.FooterPageTests" name="isYoutubeComponentPresentTest" time="0.001">
    <skipped/>
  </testcase> <!-- isYoutubeComponentPresentTest -->
  <testcase classname="org.nat.dog.tests.footerPage.FooterPageTests" name="isZahlungLinkClickableTest" time="0.0">
    <skipped/>
  </testcase> <!-- isZahlungLinkClickableTest -->
  <testcase classname="org.nat.dog.tests.footerPage.FooterPageTests" name="isZahlungLinkPresentTest" time="0.0">
    <skipped/>
  </testcase> <!-- isZahlungLinkPresentTest -->
  <testcase classname="org.nat.dog.tests.homePage.HomePageTests" name="fillLoginFormUsingDataProviderNegativeTest" time="0.0">
    <skipped/>
  </testcase> <!-- fillLoginFormUsingDataProviderNegativeTest -->
  <testcase classname="org.nat.dog.tests.homePage.HomePageTests" name="fillLoginFormUsingDataProviderTest" time="0.0">
    <skipped/>
  </testcase> <!-- fillLoginFormUsingDataProviderTest -->
  <testcase classname="org.nat.dog.tests.homePage.HomePageTests" name="fillRegistrationFormUsingDataProviderNegativeTest" time="0.0">
    <skipped/>
  </testcase> <!-- fillRegistrationFormUsingDataProviderNegativeTest -->
  <testcase classname="org.nat.dog.tests.homePage.HomePageTests" name="fillRegistrationFormUsingDataProviderPositiveTest" time="0.0">
    <skipped/>
  </testcase> <!-- fillRegistrationFormUsingDataProviderPositiveTest -->
  <testcase classname="org.nat.dog.tests.homePage.HomePageTests" name="imgTest" time="0.0">
    <skipped/>
  </testcase> <!-- imgTest -->
  <testcase classname="org.nat.dog.tests.homePage.HomePageTests" name="isHomeComponentPresentTest" time="0.0">
    <skipped/>
  </testcase> <!-- isHomeComponentPresentTest -->
  <testcase classname="org.nat.dog.tests.homePage.HomePageTests" name="isRegistrationLinkPresentTest" time="0.0">
    <skipped/>
  </testcase> <!-- isRegistrationLinkPresentTest -->
  <testcase classname="org.nat.dog.tests.homePage.HomePageTests" name="loginPositiveTest1" time="0.0">
    <skipped/>
  </testcase> <!-- loginPositiveTest1 -->
  <testcase classname="org.nat.dog.tests.kennelsPage.KennelsPageTests" name="KennelsPageTests" time="0.0">
    <skipped/>
  </testcase> <!-- KennelsPageTests -->
  <testcase classname="org.nat.dog.tests.kennelsPage.KennelsPageTests" name="fillKennelsForm" time="0.0">
    <skipped/>
  </testcase> <!-- fillKennelsForm -->
  <testcase classname="org.nat.dog.tests.kennelsPage.KennelsPageTests" name="showKennelsList" time="0.0">
    <skipped/>
  </testcase> <!-- showKennelsList -->
</testsuite> <!-- Quick -->
