<!DOCTYPE html>

<html>
  <head>
  <meta charset='utf-8'>
  <title>TestNG reports</title>

    <link type="text/css" href="testng-reports1.css" rel="stylesheet" id="ultra" />
    <link type="text/css" href="testng-reports.css" rel="stylesheet" id="retro" disabled="false"/>
    <script type="text/javascript" src="jquery-3.6.0.min.js"></script>
    <script type="text/javascript" src="testng-reports.js"></script>
    <script type="text/javascript" src="https://www.google.com/jsapi"></script>
    <script type='text/javascript'>
      google.load('visualization', '1', {packages:['table']});
      google.setOnLoadCallback(drawTable);
      var suiteTableInitFunctions = new Array();
      var suiteTableData = new Array();
    </script>
    <!--
      <script type="text/javascript" src="jquery-ui/js/jquery-ui-1.8.16.custom.min.js"></script>
     -->
  </head>

  <body>    <div class="top-banner-root">
      <span class="top-banner-title-font">Test results</span>
      <button id="button" class="button">Switch Retro Theme</button> <!-- button -->
      <br/>
      <span class="top-banner-font-1">1 suite</span>
    </div> <!-- top-banner-root -->
    <div class="navigator-root">
      <div class="navigator-suite-header">
        <span>All suites</span>
        <a href="#" title="Collapse/expand all the suites" class="collapse-all-link">
          <img src="collapseall.gif" class="collapse-all-icon">
          </img> <!-- collapse-all-icon -->
        </a> <!-- collapse-all-link -->
      </div> <!-- navigator-suite-header -->
      <div class="suite">
        <div class="rounded-window">
          <div class="suite-header light-rounded-window-top">
            <a href="#" panel-name="suite-Quick" class="navigator-link">
              <span class="suite-name border-skipped">Quick</span>
            </a> <!-- navigator-link -->
          </div> <!-- suite-header light-rounded-window-top -->
          <div class="navigator-suite-content">
            <div class="suite-section-title">
              <span>Info</span>
            </div> <!-- suite-section-title -->
            <div class="suite-section-content">
              <ul>
                <li>
                  <a href="#" panel-name="test-xml-Quick" class="navigator-link ">
                    <span>C:\Dog\Dog\src\test\resources\testng.xml</span>
                  </a> <!-- navigator-link  -->
                </li>
                <li>
                  <a href="#" panel-name="testlist-Quick" class="navigator-link ">
                    <span class="test-stats">1 test</span>
                  </a> <!-- navigator-link  -->
                </li>
                <li>
                  <a href="#" panel-name="group-Quick" class="navigator-link ">
                    <span>0 groups</span>
                  </a> <!-- navigator-link  -->
                </li>
                <li>
                  <a href="#" panel-name="times-Quick" class="navigator-link ">
                    <span>Times</span>
                  </a> <!-- navigator-link  -->
                </li>
                <li>
                  <a href="#" panel-name="reporter-Quick" class="navigator-link ">
                    <span>Reporter output</span>
                  </a> <!-- navigator-link  -->
                </li>
                <li>
                  <a href="#" panel-name="ignored-methods-Quick" class="navigator-link ">
                    <span>Ignored methods</span>
                  </a> <!-- navigator-link  -->
                </li>
                <li>
                  <a href="#" panel-name="chronological-Quick" class="navigator-link ">
                    <span>Chronological view</span>
                  </a> <!-- navigator-link  -->
                </li>
              </ul>
            </div> <!-- suite-section-content -->
            <div class="result-section">
              <div class="suite-section-title">
                <span>Results</span>
              </div> <!-- suite-section-title -->
              <div class="suite-section-content">
                <ul>
                  <li>
                    <span class="method-stats">41 methods,  20 skipped,  21 passed</span>
                  </li>
                  <li>
                    <span class="method-list-title skipped">Skipped methods</span>
                    <span class="show-or-hide-methods skipped">
                      <a href="#" panel-name="suite-Quick" class="hide-methods skipped suite-Quick"> (hide)</a> <!-- hide-methods skipped suite-Quick -->
                      <a href="#" panel-name="suite-Quick" class="show-methods skipped suite-Quick"> (show)</a> <!-- show-methods skipped suite-Quick -->
                    </span>
                    <div class="method-list-content skipped suite-Quick">
                      <span>
                        <img src="skipped.png" width="3%"/>
                        <a href="#" panel-name="suite-Quick" title="org.nat.dog.tests.kennelsPage.KennelsPageTests" class="method navigator-link" hash-for-method="KennelsPageTests">KennelsPageTests</a> <!-- method navigator-link -->
                      </span>
                      <br/>
                      <span>
                        <img src="skipped.png" width="3%"/>
                        <a href="#" panel-name="suite-Quick" title="org.nat.dog.tests.kennelsPage.KennelsPageTests" class="method navigator-link" hash-for-method="fillKennelsForm">fillKennelsForm</a> <!-- method navigator-link -->
                      </span>
                      <br/>
                      <span>
                        <img src="skipped.png" width="3%"/>
                        <a href="#" panel-name="suite-Quick" title="org.nat.dog.tests.homePage.HomePageTests" class="method navigator-link" hash-for-method="fillLoginFormUsingDataProviderNegativeTest(  , Pnata1978!)">fillLoginFormUsingDataProviderNegativeTest(  , Pnata1978!)</a> <!-- method navigator-link -->
                      </span>
                      <br/>
                      <span>
                        <img src="skipped.png" width="3%"/>
                        <a href="#" panel-name="suite-Quick" title="org.nat.dog.tests.homePage.HomePageTests" class="method navigator-link" hash-for-method="fillLoginFormUsingDataProviderTest(pnata_78@ukr.net, Nata2023!)">fillLoginFormUsingDataProviderTest(pnata_78@ukr.net, Nata2023!)</a> <!-- method navigator-link -->
                      </span>
                      <br/>
                      <span>
                        <img src="skipped.png" width="3%"/>
                        <a href="#" panel-name="suite-Quick" title="org.nat.dog.tests.homePage.HomePageTests" class="method navigator-link" hash-for-method="fillRegistrationFormUsingDataProviderNegativeTest(Nataliia, Pohrebniak, Nat, Leipzig, 12346, natagmail.com, Pnata1978!, Pnata1978!)">fillRegistrationFormUsingDataProviderNegativeTest(Nataliia, Pohrebniak, Nat, Leipzig, 12346, natagmail.com, Pnata1978!, Pnata1978!)</a> <!-- method navigator-link -->
                      </span>
                      <br/>
                      <span>
                        <img src="skipped.png" width="3%"/>
                        <a href="#" panel-name="suite-Quick" title="org.nat.dog.tests.homePage.HomePageTests" class="method navigator-link" hash-for-method="fillRegistrationFormUsingDataProviderPositiveTest(Ioannroa, Naererosas, witorers, Berlin, 04002, iannarso@gmail.com, Ionnasro2023!, Ionnasro2023!)">fillRegistrationFormUsingDataProviderPositiveTest(Ioannroa, Naererosas, witorers, Berlin, 04002, iannarso@gmail.com, Ionnasro2023!, Ionnasro2023!)</a> <!-- method navigator-link -->
                      </span>
                      <br/>
                      <span>
                        <img src="skipped.png" width="3%"/>
                        <a href="#" panel-name="suite-Quick" title="org.nat.dog.tests.homePage.HomePageTests" class="method navigator-link" hash-for-method="imgTest">imgTest</a> <!-- method navigator-link -->
                      </span>
                      <br/>
                      <span>
                        <img src="skipped.png" width="3%"/>
                        <a href="#" panel-name="suite-Quick" title="org.nat.dog.tests.homePage.HomePageTests" class="method navigator-link" hash-for-method="isHomeComponentPresentTest">isHomeComponentPresentTest</a> <!-- method navigator-link -->
                      </span>
                      <br/>
                      <span>
                        <img src="skipped.png" width="3%"/>
                        <a href="#" panel-name="suite-Quick" title="org.nat.dog.tests.footerPage.FooterPageTests" class="method navigator-link" hash-for-method="isNutzungsvertragLinkPresentTest">isNutzungsvertragLinkPresentTest</a> <!-- method navigator-link -->
                      </span>
                      <br/>
                      <span>
                        <img src="skipped.png" width="3%"/>
                        <a href="#" panel-name="suite-Quick" title="org.nat.dog.tests.footerPage.FooterPageTests" class="method navigator-link" hash-for-method="isPhonePresentTest">isPhonePresentTest</a> <!-- method navigator-link -->
                      </span>
                      <br/>
                      <span>
                        <img src="skipped.png" width="3%"/>
                        <a href="#" panel-name="suite-Quick" title="org.nat.dog.tests.homePage.HomePageTests" class="method navigator-link" hash-for-method="isRegistrationLinkPresentTest">isRegistrationLinkPresentTest</a> <!-- method navigator-link -->
                      </span>
                      <br/>
                      <span>
                        <img src="skipped.png" width="3%"/>
                        <a href="#" panel-name="suite-Quick" title="org.nat.dog.tests.footerPage.FooterPageTests" class="method navigator-link" hash-for-method="isRegistrirenLinkClickableTest">isRegistrirenLinkClickableTest</a> <!-- method navigator-link -->
                      </span>
                      <br/>
                      <span>
                        <img src="skipped.png" width="3%"/>
                        <a href="#" panel-name="suite-Quick" title="org.nat.dog.tests.footerPage.FooterPageTests" class="method navigator-link" hash-for-method="isRegistrirenLinkPresentTest">isRegistrirenLinkPresentTest</a> <!-- method navigator-link -->
                      </span>
                      <br/>
                      <span>
                        <img src="skipped.png" width="3%"/>
                        <a href="#" panel-name="suite-Quick" title="org.nat.dog.tests.footerPage.FooterPageTests" class="method navigator-link" hash-for-method="isVerkaufVonHundeLinkClickableTest">isVerkaufVonHundeLinkClickableTest</a> <!-- method navigator-link -->
                      </span>
                      <br/>
                      <span>
                        <img src="skipped.png" width="3%"/>
                        <a href="#" panel-name="suite-Quick" title="org.nat.dog.tests.footerPage.FooterPageTests" class="method navigator-link" hash-for-method="isVerkaufVonHundeLinkPresentTest">isVerkaufVonHundeLinkPresentTest</a> <!-- method navigator-link -->
                      </span>
                      <br/>
                      <span>
                        <img src="skipped.png" width="3%"/>
                        <a href="#" panel-name="suite-Quick" title="org.nat.dog.tests.footerPage.FooterPageTests" class="method navigator-link" hash-for-method="isYoutubeComponentPresentTest">isYoutubeComponentPresentTest</a> <!-- method navigator-link -->
                      </span>
                      <br/>
                      <span>
                        <img src="skipped.png" width="3%"/>
                        <a href="#" panel-name="suite-Quick" title="org.nat.dog.tests.footerPage.FooterPageTests" class="method navigator-link" hash-for-method="isZahlungLinkClickableTest">isZahlungLinkClickableTest</a> <!-- method navigator-link -->
                      </span>
                      <br/>
                      <span>
                        <img src="skipped.png" width="3%"/>
                        <a href="#" panel-name="suite-Quick" title="org.nat.dog.tests.footerPage.FooterPageTests" class="method navigator-link" hash-for-method="isZahlungLinkPresentTest">isZahlungLinkPresentTest</a> <!-- method navigator-link -->
                      </span>
                      <br/>
                      <span>
                        <img src="skipped.png" width="3%"/>
                        <a href="#" panel-name="suite-Quick" title="org.nat.dog.tests.homePage.HomePageTests" class="method navigator-link" hash-for-method="loginPositiveTest1">loginPositiveTest1</a> <!-- method navigator-link -->
                      </span>
                      <br/>
                      <span>
                        <img src="skipped.png" width="3%"/>
                        <a href="#" panel-name="suite-Quick" title="org.nat.dog.tests.kennelsPage.KennelsPageTests" class="method navigator-link" hash-for-method="showKennelsList">showKennelsList</a> <!-- method navigator-link -->
                      </span>
                      <br/>
                    </div> <!-- method-list-content skipped suite-Quick -->
                  </li>
                  <li>
                    <span class="method-list-title passed">Passed methods</span>
                    <span class="show-or-hide-methods passed">
                      <a href="#" panel-name="suite-Quick" class="hide-methods passed suite-Quick"> (hide)</a> <!-- hide-methods passed suite-Quick -->
                      <a href="#" panel-name="suite-Quick" class="show-methods passed suite-Quick"> (show)</a> <!-- show-methods passed suite-Quick -->
                    </span>
                    <div class="method-list-content passed suite-Quick">
                      <span>
                        <img src="passed.png" width="3%"/>
                        <a href="#" panel-name="suite-Quick" title="org.nat.dog.tests.clinicsPage.ClinicsPageTests" class="method navigator-link" hash-for-method="fillClinicsForm">fillClinicsForm</a> <!-- method navigator-link -->
                      </span>
                      <br/>
                      <span>
                        <img src="passed.png" width="3%"/>
                        <a href="#" panel-name="suite-Quick" title="org.nat.dog.tests.contactPage.ContactPageTests" class="method navigator-link" hash-for-method="fillInTouchFormTest">fillInTouchFormTest</a> <!-- method navigator-link -->
                      </span>
                      <br/>
                      <span>
                        <img src="passed.png" width="3%"/>
                        <a href="#" panel-name="suite-Quick" title="org.nat.dog.tests.aboutPage.AboutPageTests" class="method navigator-link" hash-for-method="isAboutComponentPresentTest">isAboutComponentPresentTest</a> <!-- method navigator-link -->
                      </span>
                      <br/>
                      <span>
                        <img src="passed.png" width="3%"/>
                        <a href="#" panel-name="suite-Quick" title="org.nat.dog.tests.clinicsPage.ClinicsPageTests" class="method navigator-link" hash-for-method="isClinicsComponentPresentTest">isClinicsComponentPresentTest</a> <!-- method navigator-link -->
                      </span>
                      <br/>
                      <span>
                        <img src="passed.png" width="3%"/>
                        <a href="#" panel-name="suite-Quick" title="org.nat.dog.tests.footerPage.FooterPageTests" class="method navigator-link" hash-for-method="isDatenschutzbestimmungenLinkClickableTest">isDatenschutzbestimmungenLinkClickableTest</a> <!-- method navigator-link -->
                      </span>
                      <br/>
                      <span>
                        <img src="passed.png" width="3%"/>
                        <a href="#" panel-name="suite-Quick" title="org.nat.dog.tests.footerPage.FooterPageTests" class="method navigator-link" hash-for-method="isDatenschutzbestimmungenLinkPresentTest">isDatenschutzbestimmungenLinkPresentTest</a> <!-- method navigator-link -->
                      </span>
                      <br/>
                      <span>
                        <img src="passed.png" width="3%"/>
                        <a href="#" panel-name="suite-Quick" title="org.nat.dog.tests.footerPage.FooterPageTests" class="method navigator-link" hash-for-method="isEineFragenStelenLinkClickableTest">isEineFragenStelenLinkClickableTest</a> <!-- method navigator-link -->
                      </span>
                      <br/>
                      <span>
                        <img src="passed.png" width="3%"/>
                        <a href="#" panel-name="suite-Quick" title="org.nat.dog.tests.footerPage.FooterPageTests" class="method navigator-link" hash-for-method="isEineFragenStelenLinkPresentTest">isEineFragenStelenLinkPresentTest</a> <!-- method navigator-link -->
                      </span>
                      <br/>
                      <span>
                        <img src="passed.png" width="3%"/>
                        <a href="#" panel-name="suite-Quick" title="org.nat.dog.tests.footerPage.FooterPageTests" class="method navigator-link" hash-for-method="isEmailPresentTest">isEmailPresentTest</a> <!-- method navigator-link -->
                      </span>
                      <br/>
                      <span>
                        <img src="passed.png" width="3%"/>
                        <a href="#" panel-name="suite-Quick" title="org.nat.dog.tests.footerPage.FooterPageTests" class="method navigator-link" hash-for-method="isFacebookComponentPresentTest">isFacebookComponentPresentTest</a> <!-- method navigator-link -->
                      </span>
                      <br/>
                      <span>
                        <img src="passed.png" width="3%"/>
                        <a href="#" panel-name="suite-Quick" title="org.nat.dog.tests.contactPage.ContactPageTests" class="method navigator-link" hash-for-method="isGoingToGoogleMapsTest">isGoingToGoogleMapsTest</a> <!-- method navigator-link -->
                      </span>
                      <br/>
                      <span>
                        <img src="passed.png" width="3%"/>
                        <a href="#" panel-name="suite-Quick" title="org.nat.dog.tests.footerPage.FooterPageTests" class="method navigator-link" hash-for-method="isHotelF端rHundeLinkClickableTest">isHotelF端rHundeLinkClickableTest</a> <!-- method navigator-link -->
                      </span>
                      <br/>
                      <span>
                        <img src="passed.png" width="3%"/>
                        <a href="#" panel-name="suite-Quick" title="org.nat.dog.tests.footerPage.FooterPageTests" class="method navigator-link" hash-for-method="isHotelF端rHundeLinkPresentTest">isHotelF端rHundeLinkPresentTest</a> <!-- method navigator-link -->
                      </span>
                      <br/>
                      <span>
                        <img src="passed.png" width="3%"/>
                        <a href="#" panel-name="suite-Quick" title="org.nat.dog.tests.footerPage.FooterPageTests" class="method navigator-link" hash-for-method="isHundesitterLinkClickableTest">isHundesitterLinkClickableTest</a> <!-- method navigator-link -->
                      </span>
                      <br/>
                      <span>
                        <img src="passed.png" width="3%"/>
                        <a href="#" panel-name="suite-Quick" title="org.nat.dog.tests.footerPage.FooterPageTests" class="method navigator-link" hash-for-method="isHundesitterLinkPresentTest">isHundesitterLinkPresentTest</a> <!-- method navigator-link -->
                      </span>
                      <br/>
                      <span>
                        <img src="passed.png" width="3%"/>
                        <a href="#" panel-name="suite-Quick" title="org.nat.dog.tests.footerPage.FooterPageTests" class="method navigator-link" hash-for-method="isHundeverpaarrungLinkClickableTest">isHundeverpaarrungLinkClickableTest</a> <!-- method navigator-link -->
                      </span>
                      <br/>
                      <span>
                        <img src="passed.png" width="3%"/>
                        <a href="#" panel-name="suite-Quick" title="org.nat.dog.tests.footerPage.FooterPageTests" class="method navigator-link" hash-for-method="isHundeverpaarrungLinkPresentTest">isHundeverpaarrungLinkPresentTest</a> <!-- method navigator-link -->
                      </span>
                      <br/>
                      <span>
                        <img src="passed.png" width="3%"/>
                        <a href="#" panel-name="suite-Quick" title="org.nat.dog.tests.footerPage.FooterPageTests" class="method navigator-link" hash-for-method="isInstagramComponentPresentTest">isInstagramComponentPresentTest</a> <!-- method navigator-link -->
                      </span>
                      <br/>
                      <span>
                        <img src="passed.png" width="3%"/>
                        <a href="#" panel-name="suite-Quick" title="org.nat.dog.tests.footerPage.FooterPageTests" class="method navigator-link" hash-for-method="isMainAddressPresentTest">isMainAddressPresentTest</a> <!-- method navigator-link -->
                      </span>
                      <br/>
                      <span>
                        <img src="passed.png" width="3%"/>
                        <a href="#" panel-name="suite-Quick" title="org.nat.dog.tests.footerPage.FooterPageTests" class="method navigator-link" hash-for-method="isNutzungsvertragLinkClickableTest">isNutzungsvertragLinkClickableTest</a> <!-- method navigator-link -->
                      </span>
                      <br/>
                      <span>
                        <img src="passed.png" width="3%"/>
                        <a href="#" panel-name="suite-Quick" title="org.nat.dog.tests.clinicsPage.ClinicsPageTests" class="method navigator-link" hash-for-method="showClinicsList">showClinicsList</a> <!-- method navigator-link -->
                      </span>
                      <br/>
                    </div> <!-- method-list-content passed suite-Quick -->
                  </li>
                </ul>
              </div> <!-- suite-section-content -->
            </div> <!-- result-section -->
          </div> <!-- navigator-suite-content -->
        </div> <!-- rounded-window -->
      </div> <!-- suite -->
    </div> <!-- navigator-root -->
    <div class="wrapper">
      <div class="main-panel-root">
        <div panel-name="suite-Quick" class="panel Quick">
          <div class="suite-Quick-class-skipped">
            <div class="main-panel-header rounded-window-top">
              <img src="skipped.png"/>
              <span class="class-name">org.nat.dog.tests.footerPage.FooterPageTests</span>
            </div> <!-- main-panel-header rounded-window-top -->
            <div class="main-panel-content rounded-window-bottom">
              <div class="method">
                <div class="method-content">
                  <a name="isNutzungsvertragLinkPresentTest">
                  </a> <!-- isNutzungsvertragLinkPresentTest -->
                  <span class="method-name">isNutzungsvertragLinkPresentTest</span>
                  <div class="stack-trace">org.openqa.selenium.SessionNotCreatedException: Could not start a new session. Response code 500. Message: unknown error: failed to write prefs file 
Host info: host: &apos;DESKTOP-OS617JJ&apos;, ip: &apos;172.18.176.1&apos;
Build info: version: &apos;4.12.1&apos;, revision: &apos;8e34639b11&apos;
System info: os.name: &apos;Windows 10&apos;, os.arch: &apos;amd64&apos;, os.version: &apos;10.0&apos;, java.version: &apos;11.0.16&apos;
Driver info: org.openqa.selenium.chrome.ChromeDriver
Command: [null, newSession {capabilities=[Capabilities {browserName: chrome, goog:chromeOptions: {args: [--remote-allow-origins=*], binary: C:\Program Files\Google\Chr..., extensions: []}}]}]
	at org.openqa.selenium.remote.ProtocolHandshake.createSession(ProtocolHandshake.java:140)
	at org.openqa.selenium.remote.ProtocolHandshake.createSession(ProtocolHandshake.java:96)
	at org.openqa.selenium.remote.ProtocolHandshake.createSession(ProtocolHandshake.java:68)
	at org.openqa.selenium.remote.HttpCommandExecutor.execute(HttpCommandExecutor.java:163)
	at org.openqa.selenium.remote.service.DriverCommandExecutor.invokeExecute(DriverCommandExecutor.java:196)
	at org.openqa.selenium.remote.service.DriverCommandExecutor.execute(DriverCommandExecutor.java:171)
	at org.openqa.selenium.remote.RemoteWebDriver.execute(RemoteWebDriver.java:602)
	at org.openqa.selenium.remote.RemoteWebDriver.startSession(RemoteWebDriver.java:236)
	at org.openqa.selenium.remote.RemoteWebDriver.&lt;init&gt;(RemoteWebDriver.java:163)
	at org.openqa.selenium.chromium.ChromiumDriver.&lt;init&gt;(ChromiumDriver.java:108)
	at org.openqa.selenium.chrome.ChromeDriver.&lt;init&gt;(ChromeDriver.java:88)
	at org.openqa.selenium.chrome.ChromeDriver.&lt;init&gt;(ChromeDriver.java:83)
	at org.openqa.selenium.chrome.ChromeDriver.&lt;init&gt;(ChromeDriver.java:51)
	at org.nat.dog.tests.TestBase.init(TestBase.java:35)
	at java.base/java.util.ArrayList.forEach(ArrayList.java:1541)
... Removed 34 stack frames
</div> <!-- stack-trace -->
                </div> <!-- method-content -->
              </div> <!-- method -->
              <div class="method">
                <div class="method-content">
                  <a name="isPhonePresentTest">
                  </a> <!-- isPhonePresentTest -->
                  <span class="method-name">isPhonePresentTest</span>
                  <div class="stack-trace">org.openqa.selenium.SessionNotCreatedException: Could not start a new session. Response code 500. Message: unknown error: failed to write prefs file 
Host info: host: &apos;DESKTOP-OS617JJ&apos;, ip: &apos;172.18.176.1&apos;
Build info: version: &apos;4.12.1&apos;, revision: &apos;8e34639b11&apos;
System info: os.name: &apos;Windows 10&apos;, os.arch: &apos;amd64&apos;, os.version: &apos;10.0&apos;, java.version: &apos;11.0.16&apos;
Driver info: org.openqa.selenium.chrome.ChromeDriver
Command: [null, newSession {capabilities=[Capabilities {browserName: chrome, goog:chromeOptions: {args: [--remote-allow-origins=*], binary: C:\Program Files\Google\Chr..., extensions: []}}]}]
	at org.openqa.selenium.remote.ProtocolHandshake.createSession(ProtocolHandshake.java:140)
	at org.openqa.selenium.remote.ProtocolHandshake.createSession(ProtocolHandshake.java:96)
	at org.openqa.selenium.remote.ProtocolHandshake.createSession(ProtocolHandshake.java:68)
	at org.openqa.selenium.remote.HttpCommandExecutor.execute(HttpCommandExecutor.java:163)
	at org.openqa.selenium.remote.service.DriverCommandExecutor.invokeExecute(DriverCommandExecutor.java:196)
	at org.openqa.selenium.remote.service.DriverCommandExecutor.execute(DriverCommandExecutor.java:171)
	at org.openqa.selenium.remote.RemoteWebDriver.execute(RemoteWebDriver.java:602)
	at org.openqa.selenium.remote.RemoteWebDriver.startSession(RemoteWebDriver.java:236)
	at org.openqa.selenium.remote.RemoteWebDriver.&lt;init&gt;(RemoteWebDriver.java:163)
	at org.openqa.selenium.chromium.ChromiumDriver.&lt;init&gt;(ChromiumDriver.java:108)
	at org.openqa.selenium.chrome.ChromeDriver.&lt;init&gt;(ChromeDriver.java:88)
	at org.openqa.selenium.chrome.ChromeDriver.&lt;init&gt;(ChromeDriver.java:83)
	at org.openqa.selenium.chrome.ChromeDriver.&lt;init&gt;(ChromeDriver.java:51)
	at org.nat.dog.tests.TestBase.init(TestBase.java:35)
	at java.base/java.util.ArrayList.forEach(ArrayList.java:1541)
... Removed 34 stack frames
</div> <!-- stack-trace -->
                </div> <!-- method-content -->
              </div> <!-- method -->
              <div class="method">
                <div class="method-content">
                  <a name="isRegistrirenLinkClickableTest">
                  </a> <!-- isRegistrirenLinkClickableTest -->
                  <span class="method-name">isRegistrirenLinkClickableTest</span>
                  <div class="stack-trace">org.openqa.selenium.SessionNotCreatedException: Could not start a new session. Response code 500. Message: unknown error: failed to write prefs file 
Host info: host: &apos;DESKTOP-OS617JJ&apos;, ip: &apos;172.18.176.1&apos;
Build info: version: &apos;4.12.1&apos;, revision: &apos;8e34639b11&apos;
System info: os.name: &apos;Windows 10&apos;, os.arch: &apos;amd64&apos;, os.version: &apos;10.0&apos;, java.version: &apos;11.0.16&apos;
Driver info: org.openqa.selenium.chrome.ChromeDriver
Command: [null, newSession {capabilities=[Capabilities {browserName: chrome, goog:chromeOptions: {args: [--remote-allow-origins=*], binary: C:\Program Files\Google\Chr..., extensions: []}}]}]
	at org.openqa.selenium.remote.ProtocolHandshake.createSession(ProtocolHandshake.java:140)
	at org.openqa.selenium.remote.ProtocolHandshake.createSession(ProtocolHandshake.java:96)
	at org.openqa.selenium.remote.ProtocolHandshake.createSession(ProtocolHandshake.java:68)
	at org.openqa.selenium.remote.HttpCommandExecutor.execute(HttpCommandExecutor.java:163)
	at org.openqa.selenium.remote.service.DriverCommandExecutor.invokeExecute(DriverCommandExecutor.java:196)
	at org.openqa.selenium.remote.service.DriverCommandExecutor.execute(DriverCommandExecutor.java:171)
	at org.openqa.selenium.remote.RemoteWebDriver.execute(RemoteWebDriver.java:602)
	at org.openqa.selenium.remote.RemoteWebDriver.startSession(RemoteWebDriver.java:236)
	at org.openqa.selenium.remote.RemoteWebDriver.&lt;init&gt;(RemoteWebDriver.java:163)
	at org.openqa.selenium.chromium.ChromiumDriver.&lt;init&gt;(ChromiumDriver.java:108)
	at org.openqa.selenium.chrome.ChromeDriver.&lt;init&gt;(ChromeDriver.java:88)
	at org.openqa.selenium.chrome.ChromeDriver.&lt;init&gt;(ChromeDriver.java:83)
	at org.openqa.selenium.chrome.ChromeDriver.&lt;init&gt;(ChromeDriver.java:51)
	at org.nat.dog.tests.TestBase.init(TestBase.java:35)
	at java.base/java.util.ArrayList.forEach(ArrayList.java:1541)
... Removed 34 stack frames
</div> <!-- stack-trace -->
                </div> <!-- method-content -->
              </div> <!-- method -->
              <div class="method">
                <div class="method-content">
                  <a name="isRegistrirenLinkPresentTest">
                  </a> <!-- isRegistrirenLinkPresentTest -->
                  <span class="method-name">isRegistrirenLinkPresentTest</span>
                  <div class="stack-trace">org.openqa.selenium.SessionNotCreatedException: Could not start a new session. Response code 500. Message: unknown error: failed to write prefs file 
Host info: host: &apos;DESKTOP-OS617JJ&apos;, ip: &apos;172.18.176.1&apos;
Build info: version: &apos;4.12.1&apos;, revision: &apos;8e34639b11&apos;
System info: os.name: &apos;Windows 10&apos;, os.arch: &apos;amd64&apos;, os.version: &apos;10.0&apos;, java.version: &apos;11.0.16&apos;
Driver info: org.openqa.selenium.chrome.ChromeDriver
Command: [null, newSession {capabilities=[Capabilities {browserName: chrome, goog:chromeOptions: {args: [--remote-allow-origins=*], binary: C:\Program Files\Google\Chr..., extensions: []}}]}]
	at org.openqa.selenium.remote.ProtocolHandshake.createSession(ProtocolHandshake.java:140)
	at org.openqa.selenium.remote.ProtocolHandshake.createSession(ProtocolHandshake.java:96)
	at org.openqa.selenium.remote.ProtocolHandshake.createSession(ProtocolHandshake.java:68)
	at org.openqa.selenium.remote.HttpCommandExecutor.execute(HttpCommandExecutor.java:163)
	at org.openqa.selenium.remote.service.DriverCommandExecutor.invokeExecute(DriverCommandExecutor.java:196)
	at org.openqa.selenium.remote.service.DriverCommandExecutor.execute(DriverCommandExecutor.java:171)
	at org.openqa.selenium.remote.RemoteWebDriver.execute(RemoteWebDriver.java:602)
	at org.openqa.selenium.remote.RemoteWebDriver.startSession(RemoteWebDriver.java:236)
	at org.openqa.selenium.remote.RemoteWebDriver.&lt;init&gt;(RemoteWebDriver.java:163)
	at org.openqa.selenium.chromium.ChromiumDriver.&lt;init&gt;(ChromiumDriver.java:108)
	at org.openqa.selenium.chrome.ChromeDriver.&lt;init&gt;(ChromeDriver.java:88)
	at org.openqa.selenium.chrome.ChromeDriver.&lt;init&gt;(ChromeDriver.java:83)
	at org.openqa.selenium.chrome.ChromeDriver.&lt;init&gt;(ChromeDriver.java:51)
	at org.nat.dog.tests.TestBase.init(TestBase.java:35)
	at java.base/java.util.ArrayList.forEach(ArrayList.java:1541)
... Removed 34 stack frames
</div> <!-- stack-trace -->
                </div> <!-- method-content -->
              </div> <!-- method -->
              <div class="method">
                <div class="method-content">
                  <a name="isVerkaufVonHundeLinkClickableTest">
                  </a> <!-- isVerkaufVonHundeLinkClickableTest -->
                  <span class="method-name">isVerkaufVonHundeLinkClickableTest</span>
                  <div class="stack-trace">org.openqa.selenium.SessionNotCreatedException: Could not start a new session. Response code 500. Message: unknown error: failed to write prefs file 
Host info: host: &apos;DESKTOP-OS617JJ&apos;, ip: &apos;172.18.176.1&apos;
Build info: version: &apos;4.12.1&apos;, revision: &apos;8e34639b11&apos;
System info: os.name: &apos;Windows 10&apos;, os.arch: &apos;amd64&apos;, os.version: &apos;10.0&apos;, java.version: &apos;11.0.16&apos;
Driver info: org.openqa.selenium.chrome.ChromeDriver
Command: [null, newSession {capabilities=[Capabilities {browserName: chrome, goog:chromeOptions: {args: [--remote-allow-origins=*], binary: C:\Program Files\Google\Chr..., extensions: []}}]}]
	at org.openqa.selenium.remote.ProtocolHandshake.createSession(ProtocolHandshake.java:140)
	at org.openqa.selenium.remote.ProtocolHandshake.createSession(ProtocolHandshake.java:96)
	at org.openqa.selenium.remote.ProtocolHandshake.createSession(ProtocolHandshake.java:68)
	at org.openqa.selenium.remote.HttpCommandExecutor.execute(HttpCommandExecutor.java:163)
	at org.openqa.selenium.remote.service.DriverCommandExecutor.invokeExecute(DriverCommandExecutor.java:196)
	at org.openqa.selenium.remote.service.DriverCommandExecutor.execute(DriverCommandExecutor.java:171)
	at org.openqa.selenium.remote.RemoteWebDriver.execute(RemoteWebDriver.java:602)
	at org.openqa.selenium.remote.RemoteWebDriver.startSession(RemoteWebDriver.java:236)
	at org.openqa.selenium.remote.RemoteWebDriver.&lt;init&gt;(RemoteWebDriver.java:163)
	at org.openqa.selenium.chromium.ChromiumDriver.&lt;init&gt;(ChromiumDriver.java:108)
	at org.openqa.selenium.chrome.ChromeDriver.&lt;init&gt;(ChromeDriver.java:88)
	at org.openqa.selenium.chrome.ChromeDriver.&lt;init&gt;(ChromeDriver.java:83)
	at org.openqa.selenium.chrome.ChromeDriver.&lt;init&gt;(ChromeDriver.java:51)
	at org.nat.dog.tests.TestBase.init(TestBase.java:35)
	at java.base/java.util.ArrayList.forEach(ArrayList.java:1541)
... Removed 34 stack frames
</div> <!-- stack-trace -->
                </div> <!-- method-content -->
              </div> <!-- method -->
              <div class="method">
                <div class="method-content">
                  <a name="isVerkaufVonHundeLinkPresentTest">
                  </a> <!-- isVerkaufVonHundeLinkPresentTest -->
                  <span class="method-name">isVerkaufVonHundeLinkPresentTest</span>
                  <div class="stack-trace">org.openqa.selenium.SessionNotCreatedException: Could not start a new session. Response code 500. Message: unknown error: failed to write prefs file 
Host info: host: &apos;DESKTOP-OS617JJ&apos;, ip: &apos;172.18.176.1&apos;
Build info: version: &apos;4.12.1&apos;, revision: &apos;8e34639b11&apos;
System info: os.name: &apos;Windows 10&apos;, os.arch: &apos;amd64&apos;, os.version: &apos;10.0&apos;, java.version: &apos;11.0.16&apos;
Driver info: org.openqa.selenium.chrome.ChromeDriver
Command: [null, newSession {capabilities=[Capabilities {browserName: chrome, goog:chromeOptions: {args: [--remote-allow-origins=*], binary: C:\Program Files\Google\Chr..., extensions: []}}]}]
	at org.openqa.selenium.remote.ProtocolHandshake.createSession(ProtocolHandshake.java:140)
	at org.openqa.selenium.remote.ProtocolHandshake.createSession(ProtocolHandshake.java:96)
	at org.openqa.selenium.remote.ProtocolHandshake.createSession(ProtocolHandshake.java:68)
	at org.openqa.selenium.remote.HttpCommandExecutor.execute(HttpCommandExecutor.java:163)
	at org.openqa.selenium.remote.service.DriverCommandExecutor.invokeExecute(DriverCommandExecutor.java:196)
	at org.openqa.selenium.remote.service.DriverCommandExecutor.execute(DriverCommandExecutor.java:171)
	at org.openqa.selenium.remote.RemoteWebDriver.execute(RemoteWebDriver.java:602)
	at org.openqa.selenium.remote.RemoteWebDriver.startSession(RemoteWebDriver.java:236)
	at org.openqa.selenium.remote.RemoteWebDriver.&lt;init&gt;(RemoteWebDriver.java:163)
	at org.openqa.selenium.chromium.ChromiumDriver.&lt;init&gt;(ChromiumDriver.java:108)
	at org.openqa.selenium.chrome.ChromeDriver.&lt;init&gt;(ChromeDriver.java:88)
	at org.openqa.selenium.chrome.ChromeDriver.&lt;init&gt;(ChromeDriver.java:83)
	at org.openqa.selenium.chrome.ChromeDriver.&lt;init&gt;(ChromeDriver.java:51)
	at org.nat.dog.tests.TestBase.init(TestBase.java:35)
	at java.base/java.util.ArrayList.forEach(ArrayList.java:1541)
... Removed 34 stack frames
</div> <!-- stack-trace -->
                </div> <!-- method-content -->
              </div> <!-- method -->
              <div class="method">
                <div class="method-content">
                  <a name="isYoutubeComponentPresentTest">
                  </a> <!-- isYoutubeComponentPresentTest -->
                  <span class="method-name">isYoutubeComponentPresentTest</span>
                  <div class="stack-trace">org.openqa.selenium.SessionNotCreatedException: Could not start a new session. Response code 500. Message: unknown error: failed to write prefs file 
Host info: host: &apos;DESKTOP-OS617JJ&apos;, ip: &apos;172.18.176.1&apos;
Build info: version: &apos;4.12.1&apos;, revision: &apos;8e34639b11&apos;
System info: os.name: &apos;Windows 10&apos;, os.arch: &apos;amd64&apos;, os.version: &apos;10.0&apos;, java.version: &apos;11.0.16&apos;
Driver info: org.openqa.selenium.chrome.ChromeDriver
Command: [null, newSession {capabilities=[Capabilities {browserName: chrome, goog:chromeOptions: {args: [--remote-allow-origins=*], binary: C:\Program Files\Google\Chr..., extensions: []}}]}]
	at org.openqa.selenium.remote.ProtocolHandshake.createSession(ProtocolHandshake.java:140)
	at org.openqa.selenium.remote.ProtocolHandshake.createSession(ProtocolHandshake.java:96)
	at org.openqa.selenium.remote.ProtocolHandshake.createSession(ProtocolHandshake.java:68)
	at org.openqa.selenium.remote.HttpCommandExecutor.execute(HttpCommandExecutor.java:163)
	at org.openqa.selenium.remote.service.DriverCommandExecutor.invokeExecute(DriverCommandExecutor.java:196)
	at org.openqa.selenium.remote.service.DriverCommandExecutor.execute(DriverCommandExecutor.java:171)
	at org.openqa.selenium.remote.RemoteWebDriver.execute(RemoteWebDriver.java:602)
	at org.openqa.selenium.remote.RemoteWebDriver.startSession(RemoteWebDriver.java:236)
	at org.openqa.selenium.remote.RemoteWebDriver.&lt;init&gt;(RemoteWebDriver.java:163)
	at org.openqa.selenium.chromium.ChromiumDriver.&lt;init&gt;(ChromiumDriver.java:108)
	at org.openqa.selenium.chrome.ChromeDriver.&lt;init&gt;(ChromeDriver.java:88)
	at org.openqa.selenium.chrome.ChromeDriver.&lt;init&gt;(ChromeDriver.java:83)
	at org.openqa.selenium.chrome.ChromeDriver.&lt;init&gt;(ChromeDriver.java:51)
	at org.nat.dog.tests.TestBase.init(TestBase.java:35)
	at java.base/java.util.ArrayList.forEach(ArrayList.java:1541)
... Removed 34 stack frames
</div> <!-- stack-trace -->
                </div> <!-- method-content -->
              </div> <!-- method -->
              <div class="method">
                <div class="method-content">
                  <a name="isZahlungLinkClickableTest">
                  </a> <!-- isZahlungLinkClickableTest -->
                  <span class="method-name">isZahlungLinkClickableTest</span>
                  <div class="stack-trace">org.openqa.selenium.SessionNotCreatedException: Could not start a new session. Response code 500. Message: unknown error: failed to write prefs file 
Host info: host: &apos;DESKTOP-OS617JJ&apos;, ip: &apos;172.18.176.1&apos;
Build info: version: &apos;4.12.1&apos;, revision: &apos;8e34639b11&apos;
System info: os.name: &apos;Windows 10&apos;, os.arch: &apos;amd64&apos;, os.version: &apos;10.0&apos;, java.version: &apos;11.0.16&apos;
Driver info: org.openqa.selenium.chrome.ChromeDriver
Command: [null, newSession {capabilities=[Capabilities {browserName: chrome, goog:chromeOptions: {args: [--remote-allow-origins=*], binary: C:\Program Files\Google\Chr..., extensions: []}}]}]
	at org.openqa.selenium.remote.ProtocolHandshake.createSession(ProtocolHandshake.java:140)
	at org.openqa.selenium.remote.ProtocolHandshake.createSession(ProtocolHandshake.java:96)
	at org.openqa.selenium.remote.ProtocolHandshake.createSession(ProtocolHandshake.java:68)
	at org.openqa.selenium.remote.HttpCommandExecutor.execute(HttpCommandExecutor.java:163)
	at org.openqa.selenium.remote.service.DriverCommandExecutor.invokeExecute(DriverCommandExecutor.java:196)
	at org.openqa.selenium.remote.service.DriverCommandExecutor.execute(DriverCommandExecutor.java:171)
	at org.openqa.selenium.remote.RemoteWebDriver.execute(RemoteWebDriver.java:602)
	at org.openqa.selenium.remote.RemoteWebDriver.startSession(RemoteWebDriver.java:236)
	at org.openqa.selenium.remote.RemoteWebDriver.&lt;init&gt;(RemoteWebDriver.java:163)
	at org.openqa.selenium.chromium.ChromiumDriver.&lt;init&gt;(ChromiumDriver.java:108)
	at org.openqa.selenium.chrome.ChromeDriver.&lt;init&gt;(ChromeDriver.java:88)
	at org.openqa.selenium.chrome.ChromeDriver.&lt;init&gt;(ChromeDriver.java:83)
	at org.openqa.selenium.chrome.ChromeDriver.&lt;init&gt;(ChromeDriver.java:51)
	at org.nat.dog.tests.TestBase.init(TestBase.java:35)
	at java.base/java.util.ArrayList.forEach(ArrayList.java:1541)
... Removed 34 stack frames
</div> <!-- stack-trace -->
                </div> <!-- method-content -->
              </div> <!-- method -->
              <div class="method">
                <div class="method-content">
                  <a name="isZahlungLinkPresentTest">
                  </a> <!-- isZahlungLinkPresentTest -->
                  <span class="method-name">isZahlungLinkPresentTest</span>
                  <div class="stack-trace">org.openqa.selenium.SessionNotCreatedException: Could not start a new session. Response code 500. Message: unknown error: failed to write prefs file 
Host info: host: &apos;DESKTOP-OS617JJ&apos;, ip: &apos;172.18.176.1&apos;
Build info: version: &apos;4.12.1&apos;, revision: &apos;8e34639b11&apos;
System info: os.name: &apos;Windows 10&apos;, os.arch: &apos;amd64&apos;, os.version: &apos;10.0&apos;, java.version: &apos;11.0.16&apos;
Driver info: org.openqa.selenium.chrome.ChromeDriver
Command: [null, newSession {capabilities=[Capabilities {browserName: chrome, goog:chromeOptions: {args: [--remote-allow-origins=*], binary: C:\Program Files\Google\Chr..., extensions: []}}]}]
	at org.openqa.selenium.remote.ProtocolHandshake.createSession(ProtocolHandshake.java:140)
	at org.openqa.selenium.remote.ProtocolHandshake.createSession(ProtocolHandshake.java:96)
	at org.openqa.selenium.remote.ProtocolHandshake.createSession(ProtocolHandshake.java:68)
	at org.openqa.selenium.remote.HttpCommandExecutor.execute(HttpCommandExecutor.java:163)
	at org.openqa.selenium.remote.service.DriverCommandExecutor.invokeExecute(DriverCommandExecutor.java:196)
	at org.openqa.selenium.remote.service.DriverCommandExecutor.execute(DriverCommandExecutor.java:171)
	at org.openqa.selenium.remote.RemoteWebDriver.execute(RemoteWebDriver.java:602)
	at org.openqa.selenium.remote.RemoteWebDriver.startSession(RemoteWebDriver.java:236)
	at org.openqa.selenium.remote.RemoteWebDriver.&lt;init&gt;(RemoteWebDriver.java:163)
	at org.openqa.selenium.chromium.ChromiumDriver.&lt;init&gt;(ChromiumDriver.java:108)
	at org.openqa.selenium.chrome.ChromeDriver.&lt;init&gt;(ChromeDriver.java:88)
	at org.openqa.selenium.chrome.ChromeDriver.&lt;init&gt;(ChromeDriver.java:83)
	at org.openqa.selenium.chrome.ChromeDriver.&lt;init&gt;(ChromeDriver.java:51)
	at org.nat.dog.tests.TestBase.init(TestBase.java:35)
	at java.base/java.util.ArrayList.forEach(ArrayList.java:1541)
... Removed 34 stack frames
</div> <!-- stack-trace -->
                </div> <!-- method-content -->
              </div> <!-- method -->
            </div> <!-- main-panel-content rounded-window-bottom -->
          </div> <!-- suite-Quick-class-skipped -->
          <div class="suite-Quick-class-skipped">
            <div class="main-panel-header rounded-window-top">
              <img src="skipped.png"/>
              <span class="class-name">org.nat.dog.tests.kennelsPage.KennelsPageTests</span>
            </div> <!-- main-panel-header rounded-window-top -->
            <div class="main-panel-content rounded-window-bottom">
              <div class="method">
                <div class="method-content">
                  <a name="KennelsPageTests">
                  </a> <!-- KennelsPageTests -->
                  <span class="method-name">KennelsPageTests</span>
                  <div class="stack-trace">org.openqa.selenium.SessionNotCreatedException: Could not start a new session. Response code 500. Message: unknown error: failed to write prefs file 
Host info: host: &apos;DESKTOP-OS617JJ&apos;, ip: &apos;172.18.176.1&apos;
Build info: version: &apos;4.12.1&apos;, revision: &apos;8e34639b11&apos;
System info: os.name: &apos;Windows 10&apos;, os.arch: &apos;amd64&apos;, os.version: &apos;10.0&apos;, java.version: &apos;11.0.16&apos;
Driver info: org.openqa.selenium.chrome.ChromeDriver
Command: [null, newSession {capabilities=[Capabilities {browserName: chrome, goog:chromeOptions: {args: [--remote-allow-origins=*], binary: C:\Program Files\Google\Chr..., extensions: []}}]}]
	at org.openqa.selenium.remote.ProtocolHandshake.createSession(ProtocolHandshake.java:140)
	at org.openqa.selenium.remote.ProtocolHandshake.createSession(ProtocolHandshake.java:96)
	at org.openqa.selenium.remote.ProtocolHandshake.createSession(ProtocolHandshake.java:68)
	at org.openqa.selenium.remote.HttpCommandExecutor.execute(HttpCommandExecutor.java:163)
	at org.openqa.selenium.remote.service.DriverCommandExecutor.invokeExecute(DriverCommandExecutor.java:196)
	at org.openqa.selenium.remote.service.DriverCommandExecutor.execute(DriverCommandExecutor.java:171)
	at org.openqa.selenium.remote.RemoteWebDriver.execute(RemoteWebDriver.java:602)
	at org.openqa.selenium.remote.RemoteWebDriver.startSession(RemoteWebDriver.java:236)
	at org.openqa.selenium.remote.RemoteWebDriver.&lt;init&gt;(RemoteWebDriver.java:163)
	at org.openqa.selenium.chromium.ChromiumDriver.&lt;init&gt;(ChromiumDriver.java:108)
	at org.openqa.selenium.chrome.ChromeDriver.&lt;init&gt;(ChromeDriver.java:88)
	at org.openqa.selenium.chrome.ChromeDriver.&lt;init&gt;(ChromeDriver.java:83)
	at org.openqa.selenium.chrome.ChromeDriver.&lt;init&gt;(ChromeDriver.java:51)
	at org.nat.dog.tests.TestBase.init(TestBase.java:35)
	at java.base/java.util.ArrayList.forEach(ArrayList.java:1541)
... Removed 34 stack frames
</div> <!-- stack-trace -->
                </div> <!-- method-content -->
              </div> <!-- method -->
              <div class="method">
                <div class="method-content">
                  <a name="fillKennelsForm">
                  </a> <!-- fillKennelsForm -->
                  <span class="method-name">fillKennelsForm</span>
                  <div class="stack-trace">org.openqa.selenium.SessionNotCreatedException: Could not start a new session. Response code 500. Message: unknown error: failed to write prefs file 
Host info: host: &apos;DESKTOP-OS617JJ&apos;, ip: &apos;172.18.176.1&apos;
Build info: version: &apos;4.12.1&apos;, revision: &apos;8e34639b11&apos;
System info: os.name: &apos;Windows 10&apos;, os.arch: &apos;amd64&apos;, os.version: &apos;10.0&apos;, java.version: &apos;11.0.16&apos;
Driver info: org.openqa.selenium.chrome.ChromeDriver
Command: [null, newSession {capabilities=[Capabilities {browserName: chrome, goog:chromeOptions: {args: [--remote-allow-origins=*], binary: C:\Program Files\Google\Chr..., extensions: []}}]}]
	at org.openqa.selenium.remote.ProtocolHandshake.createSession(ProtocolHandshake.java:140)
	at org.openqa.selenium.remote.ProtocolHandshake.createSession(ProtocolHandshake.java:96)
	at org.openqa.selenium.remote.ProtocolHandshake.createSession(ProtocolHandshake.java:68)
	at org.openqa.selenium.remote.HttpCommandExecutor.execute(HttpCommandExecutor.java:163)
	at org.openqa.selenium.remote.service.DriverCommandExecutor.invokeExecute(DriverCommandExecutor.java:196)
	at org.openqa.selenium.remote.service.DriverCommandExecutor.execute(DriverCommandExecutor.java:171)
	at org.openqa.selenium.remote.RemoteWebDriver.execute(RemoteWebDriver.java:602)
	at org.openqa.selenium.remote.RemoteWebDriver.startSession(RemoteWebDriver.java:236)
	at org.openqa.selenium.remote.RemoteWebDriver.&lt;init&gt;(RemoteWebDriver.java:163)
	at org.openqa.selenium.chromium.ChromiumDriver.&lt;init&gt;(ChromiumDriver.java:108)
	at org.openqa.selenium.chrome.ChromeDriver.&lt;init&gt;(ChromeDriver.java:88)
	at org.openqa.selenium.chrome.ChromeDriver.&lt;init&gt;(ChromeDriver.java:83)
	at org.openqa.selenium.chrome.ChromeDriver.&lt;init&gt;(ChromeDriver.java:51)
	at org.nat.dog.tests.TestBase.init(TestBase.java:35)
	at java.base/java.util.ArrayList.forEach(ArrayList.java:1541)
... Removed 34 stack frames
</div> <!-- stack-trace -->
                </div> <!-- method-content -->
              </div> <!-- method -->
              <div class="method">
                <div class="method-content">
                  <a name="showKennelsList">
                  </a> <!-- showKennelsList -->
                  <span class="method-name">showKennelsList</span>
                  <div class="stack-trace">org.openqa.selenium.SessionNotCreatedException: Could not start a new session. Response code 500. Message: unknown error: failed to write prefs file 
Host info: host: &apos;DESKTOP-OS617JJ&apos;, ip: &apos;172.18.176.1&apos;
Build info: version: &apos;4.12.1&apos;, revision: &apos;8e34639b11&apos;
System info: os.name: &apos;Windows 10&apos;, os.arch: &apos;amd64&apos;, os.version: &apos;10.0&apos;, java.version: &apos;11.0.16&apos;
Driver info: org.openqa.selenium.chrome.ChromeDriver
Command: [null, newSession {capabilities=[Capabilities {browserName: chrome, goog:chromeOptions: {args: [--remote-allow-origins=*], binary: C:\Program Files\Google\Chr..., extensions: []}}]}]
	at org.openqa.selenium.remote.ProtocolHandshake.createSession(ProtocolHandshake.java:140)
	at org.openqa.selenium.remote.ProtocolHandshake.createSession(ProtocolHandshake.java:96)
	at org.openqa.selenium.remote.ProtocolHandshake.createSession(ProtocolHandshake.java:68)
	at org.openqa.selenium.remote.HttpCommandExecutor.execute(HttpCommandExecutor.java:163)
	at org.openqa.selenium.remote.service.DriverCommandExecutor.invokeExecute(DriverCommandExecutor.java:196)
	at org.openqa.selenium.remote.service.DriverCommandExecutor.execute(DriverCommandExecutor.java:171)
	at org.openqa.selenium.remote.RemoteWebDriver.execute(RemoteWebDriver.java:602)
	at org.openqa.selenium.remote.RemoteWebDriver.startSession(RemoteWebDriver.java:236)
	at org.openqa.selenium.remote.RemoteWebDriver.&lt;init&gt;(RemoteWebDriver.java:163)
	at org.openqa.selenium.chromium.ChromiumDriver.&lt;init&gt;(ChromiumDriver.java:108)
	at org.openqa.selenium.chrome.ChromeDriver.&lt;init&gt;(ChromeDriver.java:88)
	at org.openqa.selenium.chrome.ChromeDriver.&lt;init&gt;(ChromeDriver.java:83)
	at org.openqa.selenium.chrome.ChromeDriver.&lt;init&gt;(ChromeDriver.java:51)
	at org.nat.dog.tests.TestBase.init(TestBase.java:35)
	at java.base/java.util.ArrayList.forEach(ArrayList.java:1541)
... Removed 34 stack frames
</div> <!-- stack-trace -->
                </div> <!-- method-content -->
              </div> <!-- method -->
            </div> <!-- main-panel-content rounded-window-bottom -->
          </div> <!-- suite-Quick-class-skipped -->
          <div class="suite-Quick-class-skipped">
            <div class="main-panel-header rounded-window-top">
              <img src="skipped.png"/>
              <span class="class-name">org.nat.dog.tests.homePage.HomePageTests</span>
            </div> <!-- main-panel-header rounded-window-top -->
            <div class="main-panel-content rounded-window-bottom">
              <div class="method">
                <div class="method-content">
                  <a name="fillLoginFormUsingDataProviderNegativeTest(  , Pnata1978!)">
                  </a> <!-- fillLoginFormUsingDataProviderNegativeTest(  , Pnata1978!) -->
                  <span class="method-name">fillLoginFormUsingDataProviderNegativeTest</span>
                  <span class="parameters">(  ,Pnata1978!)</span>
                  <div class="stack-trace">org.openqa.selenium.SessionNotCreatedException: Could not start a new session. Response code 500. Message: unknown error: failed to write prefs file 
Host info: host: &apos;DESKTOP-OS617JJ&apos;, ip: &apos;172.18.176.1&apos;
Build info: version: &apos;4.12.1&apos;, revision: &apos;8e34639b11&apos;
System info: os.name: &apos;Windows 10&apos;, os.arch: &apos;amd64&apos;, os.version: &apos;10.0&apos;, java.version: &apos;11.0.16&apos;
Driver info: org.openqa.selenium.chrome.ChromeDriver
Command: [null, newSession {capabilities=[Capabilities {browserName: chrome, goog:chromeOptions: {args: [--remote-allow-origins=*], binary: C:\Program Files\Google\Chr..., extensions: []}}]}]
	at org.openqa.selenium.remote.ProtocolHandshake.createSession(ProtocolHandshake.java:140)
	at org.openqa.selenium.remote.ProtocolHandshake.createSession(ProtocolHandshake.java:96)
	at org.openqa.selenium.remote.ProtocolHandshake.createSession(ProtocolHandshake.java:68)
	at org.openqa.selenium.remote.HttpCommandExecutor.execute(HttpCommandExecutor.java:163)
	at org.openqa.selenium.remote.service.DriverCommandExecutor.invokeExecute(DriverCommandExecutor.java:196)
	at org.openqa.selenium.remote.service.DriverCommandExecutor.execute(DriverCommandExecutor.java:171)
	at org.openqa.selenium.remote.RemoteWebDriver.execute(RemoteWebDriver.java:602)
	at org.openqa.selenium.remote.RemoteWebDriver.startSession(RemoteWebDriver.java:236)
	at org.openqa.selenium.remote.RemoteWebDriver.&lt;init&gt;(RemoteWebDriver.java:163)
	at org.openqa.selenium.chromium.ChromiumDriver.&lt;init&gt;(ChromiumDriver.java:108)
	at org.openqa.selenium.chrome.ChromeDriver.&lt;init&gt;(ChromeDriver.java:88)
	at org.openqa.selenium.chrome.ChromeDriver.&lt;init&gt;(ChromeDriver.java:83)
	at org.openqa.selenium.chrome.ChromeDriver.&lt;init&gt;(ChromeDriver.java:51)
	at org.nat.dog.tests.TestBase.init(TestBase.java:35)
	at java.base/java.util.ArrayList.forEach(ArrayList.java:1541)
... Removed 34 stack frames
</div> <!-- stack-trace -->
                </div> <!-- method-content -->
              </div> <!-- method -->
              <div class="method">
                <div class="method-content">
                  <a name="fillLoginFormUsingDataProviderTest(pnata_78@ukr.net, Nata2023!)">
                  </a> <!-- fillLoginFormUsingDataProviderTest(pnata_78@ukr.net, Nata2023!) -->
                  <span class="method-name">fillLoginFormUsingDataProviderTest</span>
                  <span class="parameters">(pnata_78@ukr.net,Nata2023!)</span>
                  <div class="stack-trace">org.openqa.selenium.SessionNotCreatedException: Could not start a new session. Response code 500. Message: unknown error: failed to write prefs file 
Host info: host: &apos;DESKTOP-OS617JJ&apos;, ip: &apos;172.18.176.1&apos;
Build info: version: &apos;4.12.1&apos;, revision: &apos;8e34639b11&apos;
System info: os.name: &apos;Windows 10&apos;, os.arch: &apos;amd64&apos;, os.version: &apos;10.0&apos;, java.version: &apos;11.0.16&apos;
Driver info: org.openqa.selenium.chrome.ChromeDriver
Command: [null, newSession {capabilities=[Capabilities {browserName: chrome, goog:chromeOptions: {args: [--remote-allow-origins=*], binary: C:\Program Files\Google\Chr..., extensions: []}}]}]
	at org.openqa.selenium.remote.ProtocolHandshake.createSession(ProtocolHandshake.java:140)
	at org.openqa.selenium.remote.ProtocolHandshake.createSession(ProtocolHandshake.java:96)
	at org.openqa.selenium.remote.ProtocolHandshake.createSession(ProtocolHandshake.java:68)
	at org.openqa.selenium.remote.HttpCommandExecutor.execute(HttpCommandExecutor.java:163)
	at org.openqa.selenium.remote.service.DriverCommandExecutor.invokeExecute(DriverCommandExecutor.java:196)
	at org.openqa.selenium.remote.service.DriverCommandExecutor.execute(DriverCommandExecutor.java:171)
	at org.openqa.selenium.remote.RemoteWebDriver.execute(RemoteWebDriver.java:602)
	at org.openqa.selenium.remote.RemoteWebDriver.startSession(RemoteWebDriver.java:236)
	at org.openqa.selenium.remote.RemoteWebDriver.&lt;init&gt;(RemoteWebDriver.java:163)
	at org.openqa.selenium.chromium.ChromiumDriver.&lt;init&gt;(ChromiumDriver.java:108)
	at org.openqa.selenium.chrome.ChromeDriver.&lt;init&gt;(ChromeDriver.java:88)
	at org.openqa.selenium.chrome.ChromeDriver.&lt;init&gt;(ChromeDriver.java:83)
	at org.openqa.selenium.chrome.ChromeDriver.&lt;init&gt;(ChromeDriver.java:51)
	at org.nat.dog.tests.TestBase.init(TestBase.java:35)
	at java.base/java.util.ArrayList.forEach(ArrayList.java:1541)
... Removed 34 stack frames
</div> <!-- stack-trace -->
                </div> <!-- method-content -->
              </div> <!-- method -->
              <div class="method">
                <div class="method-content">
                  <a name="fillRegistrationFormUsingDataProviderNegativeTest(Nataliia, Pohrebniak, Nat, Leipzig, 12346, natagmail.com, Pnata1978!, Pnata1978!)">
                  </a> <!-- fillRegistrationFormUsingDataProviderNegativeTest(Nataliia, Pohrebniak, Nat, Leipzig, 12346, natagmail.com, Pnata1978!, Pnata1978!) -->
                  <span class="method-name">fillRegistrationFormUsingDataProviderNegativeTest</span>
                  <span class="parameters">(Nataliia,Pohrebniak,Nat,Leipzig,12346,natagmail.com,Pnata1978!,Pnata1978!)</span>
                  <div class="stack-trace">org.openqa.selenium.SessionNotCreatedException: Could not start a new session. Response code 500. Message: unknown error: failed to write prefs file 
Host info: host: &apos;DESKTOP-OS617JJ&apos;, ip: &apos;172.18.176.1&apos;
Build info: version: &apos;4.12.1&apos;, revision: &apos;8e34639b11&apos;
System info: os.name: &apos;Windows 10&apos;, os.arch: &apos;amd64&apos;, os.version: &apos;10.0&apos;, java.version: &apos;11.0.16&apos;
Driver info: org.openqa.selenium.chrome.ChromeDriver
Command: [null, newSession {capabilities=[Capabilities {browserName: chrome, goog:chromeOptions: {args: [--remote-allow-origins=*], binary: C:\Program Files\Google\Chr..., extensions: []}}]}]
	at org.openqa.selenium.remote.ProtocolHandshake.createSession(ProtocolHandshake.java:140)
	at org.openqa.selenium.remote.ProtocolHandshake.createSession(ProtocolHandshake.java:96)
	at org.openqa.selenium.remote.ProtocolHandshake.createSession(ProtocolHandshake.java:68)
	at org.openqa.selenium.remote.HttpCommandExecutor.execute(HttpCommandExecutor.java:163)
	at org.openqa.selenium.remote.service.DriverCommandExecutor.invokeExecute(DriverCommandExecutor.java:196)
	at org.openqa.selenium.remote.service.DriverCommandExecutor.execute(DriverCommandExecutor.java:171)
	at org.openqa.selenium.remote.RemoteWebDriver.execute(RemoteWebDriver.java:602)
	at org.openqa.selenium.remote.RemoteWebDriver.startSession(RemoteWebDriver.java:236)
	at org.openqa.selenium.remote.RemoteWebDriver.&lt;init&gt;(RemoteWebDriver.java:163)
	at org.openqa.selenium.chromium.ChromiumDriver.&lt;init&gt;(ChromiumDriver.java:108)
	at org.openqa.selenium.chrome.ChromeDriver.&lt;init&gt;(ChromeDriver.java:88)
	at org.openqa.selenium.chrome.ChromeDriver.&lt;init&gt;(ChromeDriver.java:83)
	at org.openqa.selenium.chrome.ChromeDriver.&lt;init&gt;(ChromeDriver.java:51)
	at org.nat.dog.tests.TestBase.init(TestBase.java:35)
	at java.base/java.util.ArrayList.forEach(ArrayList.java:1541)
... Removed 34 stack frames
</div> <!-- stack-trace -->
                </div> <!-- method-content -->
              </div> <!-- method -->
              <div class="method">
                <div class="method-content">
                  <a name="fillRegistrationFormUsingDataProviderPositiveTest(Ioannroa, Naererosas, witorers, Berlin, 04002, iannarso@gmail.com, Ionnasro2023!, Ionnasro2023!)">
                  </a> <!-- fillRegistrationFormUsingDataProviderPositiveTest(Ioannroa, Naererosas, witorers, Berlin, 04002, iannarso@gmail.com, Ionnasro2023!, Ionnasro2023!) -->
                  <span class="method-name">fillRegistrationFormUsingDataProviderPositiveTest</span>
                  <span class="parameters">(Ioannroa,Naererosas,witorers,Berlin,04002,iannarso@gmail.com,Ionnasro2023!,Ionnasro2023!)</span>
                  <div class="stack-trace">org.openqa.selenium.SessionNotCreatedException: Could not start a new session. Response code 500. Message: unknown error: failed to write prefs file 
Host info: host: &apos;DESKTOP-OS617JJ&apos;, ip: &apos;172.18.176.1&apos;
Build info: version: &apos;4.12.1&apos;, revision: &apos;8e34639b11&apos;
System info: os.name: &apos;Windows 10&apos;, os.arch: &apos;amd64&apos;, os.version: &apos;10.0&apos;, java.version: &apos;11.0.16&apos;
Driver info: org.openqa.selenium.chrome.ChromeDriver
Command: [null, newSession {capabilities=[Capabilities {browserName: chrome, goog:chromeOptions: {args: [--remote-allow-origins=*], binary: C:\Program Files\Google\Chr..., extensions: []}}]}]
	at org.openqa.selenium.remote.ProtocolHandshake.createSession(ProtocolHandshake.java:140)
	at org.openqa.selenium.remote.ProtocolHandshake.createSession(ProtocolHandshake.java:96)
	at org.openqa.selenium.remote.ProtocolHandshake.createSession(ProtocolHandshake.java:68)
	at org.openqa.selenium.remote.HttpCommandExecutor.execute(HttpCommandExecutor.java:163)
	at org.openqa.selenium.remote.service.DriverCommandExecutor.invokeExecute(DriverCommandExecutor.java:196)
	at org.openqa.selenium.remote.service.DriverCommandExecutor.execute(DriverCommandExecutor.java:171)
	at org.openqa.selenium.remote.RemoteWebDriver.execute(RemoteWebDriver.java:602)
	at org.openqa.selenium.remote.RemoteWebDriver.startSession(RemoteWebDriver.java:236)
	at org.openqa.selenium.remote.RemoteWebDriver.&lt;init&gt;(RemoteWebDriver.java:163)
	at org.openqa.selenium.chromium.ChromiumDriver.&lt;init&gt;(ChromiumDriver.java:108)
	at org.openqa.selenium.chrome.ChromeDriver.&lt;init&gt;(ChromeDriver.java:88)
	at org.openqa.selenium.chrome.ChromeDriver.&lt;init&gt;(ChromeDriver.java:83)
	at org.openqa.selenium.chrome.ChromeDriver.&lt;init&gt;(ChromeDriver.java:51)
	at org.nat.dog.tests.TestBase.init(TestBase.java:35)
	at java.base/java.util.ArrayList.forEach(ArrayList.java:1541)
... Removed 34 stack frames
</div> <!-- stack-trace -->
                </div> <!-- method-content -->
              </div> <!-- method -->
              <div class="method">
                <div class="method-content">
                  <a name="imgTest">
                  </a> <!-- imgTest -->
                  <span class="method-name">imgTest</span>
                  <div class="stack-trace">org.openqa.selenium.SessionNotCreatedException: Could not start a new session. Response code 500. Message: unknown error: failed to write prefs file 
Host info: host: &apos;DESKTOP-OS617JJ&apos;, ip: &apos;172.18.176.1&apos;
Build info: version: &apos;4.12.1&apos;, revision: &apos;8e34639b11&apos;
System info: os.name: &apos;Windows 10&apos;, os.arch: &apos;amd64&apos;, os.version: &apos;10.0&apos;, java.version: &apos;11.0.16&apos;
Driver info: org.openqa.selenium.chrome.ChromeDriver
Command: [null, newSession {capabilities=[Capabilities {browserName: chrome, goog:chromeOptions: {args: [--remote-allow-origins=*], binary: C:\Program Files\Google\Chr..., extensions: []}}]}]
	at org.openqa.selenium.remote.ProtocolHandshake.createSession(ProtocolHandshake.java:140)
	at org.openqa.selenium.remote.ProtocolHandshake.createSession(ProtocolHandshake.java:96)
	at org.openqa.selenium.remote.ProtocolHandshake.createSession(ProtocolHandshake.java:68)
	at org.openqa.selenium.remote.HttpCommandExecutor.execute(HttpCommandExecutor.java:163)
	at org.openqa.selenium.remote.service.DriverCommandExecutor.invokeExecute(DriverCommandExecutor.java:196)
	at org.openqa.selenium.remote.service.DriverCommandExecutor.execute(DriverCommandExecutor.java:171)
	at org.openqa.selenium.remote.RemoteWebDriver.execute(RemoteWebDriver.java:602)
	at org.openqa.selenium.remote.RemoteWebDriver.startSession(RemoteWebDriver.java:236)
	at org.openqa.selenium.remote.RemoteWebDriver.&lt;init&gt;(RemoteWebDriver.java:163)
	at org.openqa.selenium.chromium.ChromiumDriver.&lt;init&gt;(ChromiumDriver.java:108)
	at org.openqa.selenium.chrome.ChromeDriver.&lt;init&gt;(ChromeDriver.java:88)
	at org.openqa.selenium.chrome.ChromeDriver.&lt;init&gt;(ChromeDriver.java:83)
	at org.openqa.selenium.chrome.ChromeDriver.&lt;init&gt;(ChromeDriver.java:51)
	at org.nat.dog.tests.TestBase.init(TestBase.java:35)
	at java.base/java.util.ArrayList.forEach(ArrayList.java:1541)
... Removed 34 stack frames
</div> <!-- stack-trace -->
                </div> <!-- method-content -->
              </div> <!-- method -->
              <div class="method">
                <div class="method-content">
                  <a name="isHomeComponentPresentTest">
                  </a> <!-- isHomeComponentPresentTest -->
                  <span class="method-name">isHomeComponentPresentTest</span>
                  <div class="stack-trace">org.openqa.selenium.SessionNotCreatedException: Could not start a new session. Response code 500. Message: unknown error: failed to write prefs file 
Host info: host: &apos;DESKTOP-OS617JJ&apos;, ip: &apos;172.18.176.1&apos;
Build info: version: &apos;4.12.1&apos;, revision: &apos;8e34639b11&apos;
System info: os.name: &apos;Windows 10&apos;, os.arch: &apos;amd64&apos;, os.version: &apos;10.0&apos;, java.version: &apos;11.0.16&apos;
Driver info: org.openqa.selenium.chrome.ChromeDriver
Command: [null, newSession {capabilities=[Capabilities {browserName: chrome, goog:chromeOptions: {args: [--remote-allow-origins=*], binary: C:\Program Files\Google\Chr..., extensions: []}}]}]
	at org.openqa.selenium.remote.ProtocolHandshake.createSession(ProtocolHandshake.java:140)
	at org.openqa.selenium.remote.ProtocolHandshake.createSession(ProtocolHandshake.java:96)
	at org.openqa.selenium.remote.ProtocolHandshake.createSession(ProtocolHandshake.java:68)
	at org.openqa.selenium.remote.HttpCommandExecutor.execute(HttpCommandExecutor.java:163)
	at org.openqa.selenium.remote.service.DriverCommandExecutor.invokeExecute(DriverCommandExecutor.java:196)
	at org.openqa.selenium.remote.service.DriverCommandExecutor.execute(DriverCommandExecutor.java:171)
	at org.openqa.selenium.remote.RemoteWebDriver.execute(RemoteWebDriver.java:602)
	at org.openqa.selenium.remote.RemoteWebDriver.startSession(RemoteWebDriver.java:236)
	at org.openqa.selenium.remote.RemoteWebDriver.&lt;init&gt;(RemoteWebDriver.java:163)
	at org.openqa.selenium.chromium.ChromiumDriver.&lt;init&gt;(ChromiumDriver.java:108)
	at org.openqa.selenium.chrome.ChromeDriver.&lt;init&gt;(ChromeDriver.java:88)
	at org.openqa.selenium.chrome.ChromeDriver.&lt;init&gt;(ChromeDriver.java:83)
	at org.openqa.selenium.chrome.ChromeDriver.&lt;init&gt;(ChromeDriver.java:51)
	at org.nat.dog.tests.TestBase.init(TestBase.java:35)
	at java.base/java.util.ArrayList.forEach(ArrayList.java:1541)
... Removed 34 stack frames
</div> <!-- stack-trace -->
                </div> <!-- method-content -->
              </div> <!-- method -->
              <div class="method">
                <div class="method-content">
                  <a name="isRegistrationLinkPresentTest">
                  </a> <!-- isRegistrationLinkPresentTest -->
                  <span class="method-name">isRegistrationLinkPresentTest</span>
                  <div class="stack-trace">org.openqa.selenium.SessionNotCreatedException: Could not start a new session. Response code 500. Message: unknown error: failed to write prefs file 
Host info: host: &apos;DESKTOP-OS617JJ&apos;, ip: &apos;172.18.176.1&apos;
Build info: version: &apos;4.12.1&apos;, revision: &apos;8e34639b11&apos;
System info: os.name: &apos;Windows 10&apos;, os.arch: &apos;amd64&apos;, os.version: &apos;10.0&apos;, java.version: &apos;11.0.16&apos;
Driver info: org.openqa.selenium.chrome.ChromeDriver
Command: [null, newSession {capabilities=[Capabilities {browserName: chrome, goog:chromeOptions: {args: [--remote-allow-origins=*], binary: C:\Program Files\Google\Chr..., extensions: []}}]}]
	at org.openqa.selenium.remote.ProtocolHandshake.createSession(ProtocolHandshake.java:140)
	at org.openqa.selenium.remote.ProtocolHandshake.createSession(ProtocolHandshake.java:96)
	at org.openqa.selenium.remote.ProtocolHandshake.createSession(ProtocolHandshake.java:68)
	at org.openqa.selenium.remote.HttpCommandExecutor.execute(HttpCommandExecutor.java:163)
	at org.openqa.selenium.remote.service.DriverCommandExecutor.invokeExecute(DriverCommandExecutor.java:196)
	at org.openqa.selenium.remote.service.DriverCommandExecutor.execute(DriverCommandExecutor.java:171)
	at org.openqa.selenium.remote.RemoteWebDriver.execute(RemoteWebDriver.java:602)
	at org.openqa.selenium.remote.RemoteWebDriver.startSession(RemoteWebDriver.java:236)
	at org.openqa.selenium.remote.RemoteWebDriver.&lt;init&gt;(RemoteWebDriver.java:163)
	at org.openqa.selenium.chromium.ChromiumDriver.&lt;init&gt;(ChromiumDriver.java:108)
	at org.openqa.selenium.chrome.ChromeDriver.&lt;init&gt;(ChromeDriver.java:88)
	at org.openqa.selenium.chrome.ChromeDriver.&lt;init&gt;(ChromeDriver.java:83)
	at org.openqa.selenium.chrome.ChromeDriver.&lt;init&gt;(ChromeDriver.java:51)
	at org.nat.dog.tests.TestBase.init(TestBase.java:35)
	at java.base/java.util.ArrayList.forEach(ArrayList.java:1541)
... Removed 34 stack frames
</div> <!-- stack-trace -->
                </div> <!-- method-content -->
              </div> <!-- method -->
              <div class="method">
                <div class="method-content">
                  <a name="loginPositiveTest1">
                  </a> <!-- loginPositiveTest1 -->
                  <span class="method-name">loginPositiveTest1</span>
                  <div class="stack-trace">org.openqa.selenium.SessionNotCreatedException: Could not start a new session. Response code 500. Message: unknown error: failed to write prefs file 
Host info: host: &apos;DESKTOP-OS617JJ&apos;, ip: &apos;172.18.176.1&apos;
Build info: version: &apos;4.12.1&apos;, revision: &apos;8e34639b11&apos;
System info: os.name: &apos;Windows 10&apos;, os.arch: &apos;amd64&apos;, os.version: &apos;10.0&apos;, java.version: &apos;11.0.16&apos;
Driver info: org.openqa.selenium.chrome.ChromeDriver
Command: [null, newSession {capabilities=[Capabilities {browserName: chrome, goog:chromeOptions: {args: [--remote-allow-origins=*], binary: C:\Program Files\Google\Chr..., extensions: []}}]}]
	at org.openqa.selenium.remote.ProtocolHandshake.createSession(ProtocolHandshake.java:140)
	at org.openqa.selenium.remote.ProtocolHandshake.createSession(ProtocolHandshake.java:96)
	at org.openqa.selenium.remote.ProtocolHandshake.createSession(ProtocolHandshake.java:68)
	at org.openqa.selenium.remote.HttpCommandExecutor.execute(HttpCommandExecutor.java:163)
	at org.openqa.selenium.remote.service.DriverCommandExecutor.invokeExecute(DriverCommandExecutor.java:196)
	at org.openqa.selenium.remote.service.DriverCommandExecutor.execute(DriverCommandExecutor.java:171)
	at org.openqa.selenium.remote.RemoteWebDriver.execute(RemoteWebDriver.java:602)
	at org.openqa.selenium.remote.RemoteWebDriver.startSession(RemoteWebDriver.java:236)
	at org.openqa.selenium.remote.RemoteWebDriver.&lt;init&gt;(RemoteWebDriver.java:163)
	at org.openqa.selenium.chromium.ChromiumDriver.&lt;init&gt;(ChromiumDriver.java:108)
	at org.openqa.selenium.chrome.ChromeDriver.&lt;init&gt;(ChromeDriver.java:88)
	at org.openqa.selenium.chrome.ChromeDriver.&lt;init&gt;(ChromeDriver.java:83)
	at org.openqa.selenium.chrome.ChromeDriver.&lt;init&gt;(ChromeDriver.java:51)
	at org.nat.dog.tests.TestBase.init(TestBase.java:35)
	at java.base/java.util.ArrayList.forEach(ArrayList.java:1541)
... Removed 34 stack frames
</div> <!-- stack-trace -->
                </div> <!-- method-content -->
              </div> <!-- method -->
            </div> <!-- main-panel-content rounded-window-bottom -->
          </div> <!-- suite-Quick-class-skipped -->
          <div class="suite-Quick-class-passed">
            <div class="main-panel-header rounded-window-top">
              <img src="passed.png"/>
              <span class="class-name">org.nat.dog.tests.contactPage.ContactPageTests</span>
            </div> <!-- main-panel-header rounded-window-top -->
            <div class="main-panel-content rounded-window-bottom">
              <div class="method">
                <div class="method-content">
                  <a name="fillInTouchFormTest">
                  </a> <!-- fillInTouchFormTest -->
                  <span class="method-name">fillInTouchFormTest</span>
                </div> <!-- method-content -->
              </div> <!-- method -->
              <div class="method">
                <div class="method-content">
                  <a name="isGoingToGoogleMapsTest">
                  </a> <!-- isGoingToGoogleMapsTest -->
                  <span class="method-name">isGoingToGoogleMapsTest</span>
                </div> <!-- method-content -->
              </div> <!-- method -->
            </div> <!-- main-panel-content rounded-window-bottom -->
          </div> <!-- suite-Quick-class-passed -->
          <div class="suite-Quick-class-passed">
            <div class="main-panel-header rounded-window-top">
              <img src="passed.png"/>
              <span class="class-name">org.nat.dog.tests.aboutPage.AboutPageTests</span>
            </div> <!-- main-panel-header rounded-window-top -->
            <div class="main-panel-content rounded-window-bottom">
              <div class="method">
                <div class="method-content">
                  <a name="isAboutComponentPresentTest">
                  </a> <!-- isAboutComponentPresentTest -->
                  <span class="method-name">isAboutComponentPresentTest</span>
                </div> <!-- method-content -->
              </div> <!-- method -->
            </div> <!-- main-panel-content rounded-window-bottom -->
          </div> <!-- suite-Quick-class-passed -->
          <div class="suite-Quick-class-passed">
            <div class="main-panel-header rounded-window-top">
              <img src="passed.png"/>
              <span class="class-name">org.nat.dog.tests.footerPage.FooterPageTests</span>
            </div> <!-- main-panel-header rounded-window-top -->
            <div class="main-panel-content rounded-window-bottom">
              <div class="method">
                <div class="method-content">
                  <a name="isDatenschutzbestimmungenLinkClickableTest">
                  </a> <!-- isDatenschutzbestimmungenLinkClickableTest -->
                  <span class="method-name">isDatenschutzbestimmungenLinkClickableTest</span>
                </div> <!-- method-content -->
              </div> <!-- method -->
              <div class="method">
                <div class="method-content">
                  <a name="isDatenschutzbestimmungenLinkPresentTest">
                  </a> <!-- isDatenschutzbestimmungenLinkPresentTest -->
                  <span class="method-name">isDatenschutzbestimmungenLinkPresentTest</span>
                </div> <!-- method-content -->
              </div> <!-- method -->
              <div class="method">
                <div class="method-content">
                  <a name="isEineFragenStelenLinkClickableTest">
                  </a> <!-- isEineFragenStelenLinkClickableTest -->
                  <span class="method-name">isEineFragenStelenLinkClickableTest</span>
                </div> <!-- method-content -->
              </div> <!-- method -->
              <div class="method">
                <div class="method-content">
                  <a name="isEineFragenStelenLinkPresentTest">
                  </a> <!-- isEineFragenStelenLinkPresentTest -->
                  <span class="method-name">isEineFragenStelenLinkPresentTest</span>
                </div> <!-- method-content -->
              </div> <!-- method -->
              <div class="method">
                <div class="method-content">
                  <a name="isEmailPresentTest">
                  </a> <!-- isEmailPresentTest -->
                  <span class="method-name">isEmailPresentTest</span>
                </div> <!-- method-content -->
              </div> <!-- method -->
              <div class="method">
                <div class="method-content">
                  <a name="isFacebookComponentPresentTest">
                  </a> <!-- isFacebookComponentPresentTest -->
                  <span class="method-name">isFacebookComponentPresentTest</span>
                </div> <!-- method-content -->
              </div> <!-- method -->
              <div class="method">
                <div class="method-content">
                  <a name="isHotelF端rHundeLinkClickableTest">
                  </a> <!-- isHotelF端rHundeLinkClickableTest -->
                  <span class="method-name">isHotelF端rHundeLinkClickableTest</span>
                </div> <!-- method-content -->
              </div> <!-- method -->
              <div class="method">
                <div class="method-content">
                  <a name="isHotelF端rHundeLinkPresentTest">
                  </a> <!-- isHotelF端rHundeLinkPresentTest -->
                  <span class="method-name">isHotelF端rHundeLinkPresentTest</span>
                </div> <!-- method-content -->
              </div> <!-- method -->
              <div class="method">
                <div class="method-content">
                  <a name="isHundesitterLinkClickableTest">
                  </a> <!-- isHundesitterLinkClickableTest -->
                  <span class="method-name">isHundesitterLinkClickableTest</span>
                </div> <!-- method-content -->
              </div> <!-- method -->
              <div class="method">
                <div class="method-content">
                  <a name="isHundesitterLinkPresentTest">
                  </a> <!-- isHundesitterLinkPresentTest -->
                  <span class="method-name">isHundesitterLinkPresentTest</span>
                </div> <!-- method-content -->
              </div> <!-- method -->
              <div class="method">
                <div class="method-content">
                  <a name="isHundeverpaarrungLinkClickableTest">
                  </a> <!-- isHundeverpaarrungLinkClickableTest -->
                  <span class="method-name">isHundeverpaarrungLinkClickableTest</span>
                </div> <!-- method-content -->
              </div> <!-- method -->
              <div class="method">
                <div class="method-content">
                  <a name="isHundeverpaarrungLinkPresentTest">
                  </a> <!-- isHundeverpaarrungLinkPresentTest -->
                  <span class="method-name">isHundeverpaarrungLinkPresentTest</span>
                </div> <!-- method-content -->
              </div> <!-- method -->
              <div class="method">
                <div class="method-content">
                  <a name="isInstagramComponentPresentTest">
                  </a> <!-- isInstagramComponentPresentTest -->
                  <span class="method-name">isInstagramComponentPresentTest</span>
                </div> <!-- method-content -->
              </div> <!-- method -->
              <div class="method">
                <div class="method-content">
                  <a name="isMainAddressPresentTest">
                  </a> <!-- isMainAddressPresentTest -->
                  <span class="method-name">isMainAddressPresentTest</span>
                </div> <!-- method-content -->
              </div> <!-- method -->
              <div class="method">
                <div class="method-content">
                  <a name="isNutzungsvertragLinkClickableTest">
                  </a> <!-- isNutzungsvertragLinkClickableTest -->
                  <span class="method-name">isNutzungsvertragLinkClickableTest</span>
                </div> <!-- method-content -->
              </div> <!-- method -->
            </div> <!-- main-panel-content rounded-window-bottom -->
          </div> <!-- suite-Quick-class-passed -->
          <div class="suite-Quick-class-passed">
            <div class="main-panel-header rounded-window-top">
              <img src="passed.png"/>
              <span class="class-name">org.nat.dog.tests.clinicsPage.ClinicsPageTests</span>
            </div> <!-- main-panel-header rounded-window-top -->
            <div class="main-panel-content rounded-window-bottom">
              <div class="method">
                <div class="method-content">
                  <a name="fillClinicsForm">
                  </a> <!-- fillClinicsForm -->
                  <span class="method-name">fillClinicsForm</span>
                </div> <!-- method-content -->
              </div> <!-- method -->
              <div class="method">
                <div class="method-content">
                  <a name="isClinicsComponentPresentTest">
                  </a> <!-- isClinicsComponentPresentTest -->
                  <span class="method-name">isClinicsComponentPresentTest</span>
                </div> <!-- method-content -->
              </div> <!-- method -->
              <div class="method">
                <div class="method-content">
                  <a name="showClinicsList">
                  </a> <!-- showClinicsList -->
                  <span class="method-name">showClinicsList</span>
                </div> <!-- method-content -->
              </div> <!-- method -->
            </div> <!-- main-panel-content rounded-window-bottom -->
          </div> <!-- suite-Quick-class-passed -->
        </div> <!-- panel Quick -->
        <div panel-name="test-xml-Quick" class="panel">
          <div class="main-panel-header rounded-window-top">
            <span class="header-content">C:\Dog\Dog\src\test\resources\testng.xml</span>
          </div> <!-- main-panel-header rounded-window-top -->
          <div class="main-panel-content rounded-window-bottom">
            <pre>
&lt;?xml version=&quot;1.0&quot; encoding=&quot;UTF-8&quot;?&gt;
&lt;!DOCTYPE suite SYSTEM &quot;https://testng.org/testng-1.0.dtd&quot;&gt;
&lt;suite name=&quot;Quick&quot; guice-stage=&quot;DEVELOPMENT&quot; verbose=&quot;0&quot;&gt;
  &lt;test thread-count=&quot;5&quot; name=&quot;Quick&quot; verbose=&quot;0&quot;&gt;
    &lt;classes&gt;
      &lt;class name=&quot;org.nat.dog.tests.aboutPage.AboutPageTests&quot;/&gt;
      &lt;class name=&quot;org.nat.dog.tests.clinicsPage.ClinicsPageTests&quot;/&gt;
      &lt;class name=&quot;org.nat.dog.tests.contactPage.ContactPageTests&quot;/&gt;
      &lt;class name=&quot;org.nat.dog.tests.footerPage.FooterPageTests&quot;/&gt;
      &lt;class name=&quot;org.nat.dog.tests.homePage.HomePageTests&quot;/&gt;
      &lt;class name=&quot;org.nat.dog.tests.kennelsPage.KennelsPageTests&quot;/&gt;
    &lt;/classes&gt;
  &lt;/test&gt; &lt;!-- Quick --&gt;
&lt;/suite&gt; &lt;!-- Quick --&gt;
            </pre>
          </div> <!-- main-panel-content rounded-window-bottom -->
        </div> <!-- panel -->
        <div panel-name="testlist-Quick" class="panel">
          <div class="main-panel-header rounded-window-top">
            <span class="header-content">Tests for Quick</span>
          </div> <!-- main-panel-header rounded-window-top -->
          <div class="main-panel-content rounded-window-bottom">
            <ul>
              <li>
                <span class="test-name">Quick (6 classes)</span>
              </li>
            </ul>
          </div> <!-- main-panel-content rounded-window-bottom -->
        </div> <!-- panel -->
        <div panel-name="group-Quick" class="panel">
          <div class="main-panel-header rounded-window-top">
            <span class="header-content">Groups for Quick</span>
          </div> <!-- main-panel-header rounded-window-top -->
          <div class="main-panel-content rounded-window-bottom">
          </div> <!-- main-panel-content rounded-window-bottom -->
        </div> <!-- panel -->
        <div panel-name="times-Quick" class="panel">
          <div class="main-panel-header rounded-window-top">
            <span class="header-content">Times for Quick</span>
          </div> <!-- main-panel-header rounded-window-top -->
          <div class="main-panel-content rounded-window-bottom">
            <div class="times-div">
              <script type="text/javascript">
suiteTableInitFunctions.push('tableData_Quick');
function tableData_Quick() {
var data = new google.visualization.DataTable();
data.addColumn('number', 'Number');
data.addColumn('string', 'Method');
data.addColumn('string', 'Class');
data.addColumn('number', 'Time (ms)');
data.addRows(41);
data.setCell(0, 0, 0)
data.setCell(0, 1, 'isHundeverpaarrungLinkClickableTest')
data.setCell(0, 2, 'org.nat.dog.tests.footerPage.FooterPageTests')
data.setCell(0, 3, 5494);
data.setCell(1, 0, 1)
data.setCell(1, 1, 'fillInTouchFormTest')
data.setCell(1, 2, 'org.nat.dog.tests.contactPage.ContactPageTests')
data.setCell(1, 3, 4448);
data.setCell(2, 0, 2)
data.setCell(2, 1, 'isInstagramComponentPresentTest')
data.setCell(2, 2, 'org.nat.dog.tests.footerPage.FooterPageTests')
data.setCell(2, 3, 4433);
data.setCell(3, 0, 3)
data.setCell(3, 1, 'isFacebookComponentPresentTest')
data.setCell(3, 2, 'org.nat.dog.tests.footerPage.FooterPageTests')
data.setCell(3, 3, 2733);
data.setCell(4, 0, 4)
data.setCell(4, 1, 'isNutzungsvertragLinkClickableTest')
data.setCell(4, 2, 'org.nat.dog.tests.footerPage.FooterPageTests')
data.setCell(4, 3, 2186);
data.setCell(5, 0, 5)
data.setCell(5, 1, 'isDatenschutzbestimmungenLinkClickableTest')
data.setCell(5, 2, 'org.nat.dog.tests.footerPage.FooterPageTests')
data.setCell(5, 3, 1968);
data.setCell(6, 0, 6)
data.setCell(6, 1, 'isHundesitterLinkClickableTest')
data.setCell(6, 2, 'org.nat.dog.tests.footerPage.FooterPageTests')
data.setCell(6, 3, 1955);
data.setCell(7, 0, 7)
data.setCell(7, 1, 'isEineFragenStelenLinkClickableTest')
data.setCell(7, 2, 'org.nat.dog.tests.footerPage.FooterPageTests')
data.setCell(7, 3, 1721);
data.setCell(8, 0, 8)
data.setCell(8, 1, 'isHotelF端rHundeLinkClickableTest')
data.setCell(8, 2, 'org.nat.dog.tests.footerPage.FooterPageTests')
data.setCell(8, 3, 1713);
data.setCell(9, 0, 9)
data.setCell(9, 1, 'fillClinicsForm')
data.setCell(9, 2, 'org.nat.dog.tests.clinicsPage.ClinicsPageTests')
data.setCell(9, 3, 1509);
data.setCell(10, 0, 10)
data.setCell(10, 1, 'showClinicsList')
data.setCell(10, 2, 'org.nat.dog.tests.clinicsPage.ClinicsPageTests')
data.setCell(10, 3, 1444);
data.setCell(11, 0, 11)
data.setCell(11, 1, 'isMainAddressPresentTest')
data.setCell(11, 2, 'org.nat.dog.tests.footerPage.FooterPageTests')
data.setCell(11, 3, 1369);
data.setCell(12, 0, 12)
data.setCell(12, 1, 'isHundeverpaarrungLinkPresentTest')
data.setCell(12, 2, 'org.nat.dog.tests.footerPage.FooterPageTests')
data.setCell(12, 3, 801);
data.setCell(13, 0, 13)
data.setCell(13, 1, 'isEineFragenStelenLinkPresentTest')
data.setCell(13, 2, 'org.nat.dog.tests.footerPage.FooterPageTests')
data.setCell(13, 3, 609);
data.setCell(14, 0, 14)
data.setCell(14, 1, 'isHundesitterLinkPresentTest')
data.setCell(14, 2, 'org.nat.dog.tests.footerPage.FooterPageTests')
data.setCell(14, 3, 607);
data.setCell(15, 0, 15)
data.setCell(15, 1, 'isEmailPresentTest')
data.setCell(15, 2, 'org.nat.dog.tests.footerPage.FooterPageTests')
data.setCell(15, 3, 484);
data.setCell(16, 0, 16)
data.setCell(16, 1, 'isHotelF端rHundeLinkPresentTest')
data.setCell(16, 2, 'org.nat.dog.tests.footerPage.FooterPageTests')
data.setCell(16, 3, 369);
data.setCell(17, 0, 17)
data.setCell(17, 1, 'isClinicsComponentPresentTest')
data.setCell(17, 2, 'org.nat.dog.tests.clinicsPage.ClinicsPageTests')
data.setCell(17, 3, 226);
data.setCell(18, 0, 18)
data.setCell(18, 1, 'isAboutComponentPresentTest')
data.setCell(18, 2, 'org.nat.dog.tests.aboutPage.AboutPageTests')
data.setCell(18, 3, 213);
data.setCell(19, 0, 19)
data.setCell(19, 1, 'isGoingToGoogleMapsTest')
data.setCell(19, 2, 'org.nat.dog.tests.contactPage.ContactPageTests')
data.setCell(19, 3, 186);
data.setCell(20, 0, 20)
data.setCell(20, 1, 'isDatenschutzbestimmungenLinkPresentTest')
data.setCell(20, 2, 'org.nat.dog.tests.footerPage.FooterPageTests')
data.setCell(20, 3, 181);
data.setCell(21, 0, 21)
data.setCell(21, 1, 'isNutzungsvertragLinkPresentTest')
data.setCell(21, 2, 'org.nat.dog.tests.footerPage.FooterPageTests')
data.setCell(21, 3, 19);
data.setCell(22, 0, 22)
data.setCell(22, 1, 'isYoutubeComponentPresentTest')
data.setCell(22, 2, 'org.nat.dog.tests.footerPage.FooterPageTests')
data.setCell(22, 3, 1);
data.setCell(23, 0, 23)
data.setCell(23, 1, 'imgTest')
data.setCell(23, 2, 'org.nat.dog.tests.homePage.HomePageTests')
data.setCell(23, 3, 0);
data.setCell(24, 0, 24)
data.setCell(24, 1, 'fillRegistrationFormUsingDataProviderNegativeTest')
data.setCell(24, 2, 'org.nat.dog.tests.homePage.HomePageTests')
data.setCell(24, 3, 0);
data.setCell(25, 0, 25)
data.setCell(25, 1, 'isZahlungLinkPresentTest')
data.setCell(25, 2, 'org.nat.dog.tests.footerPage.FooterPageTests')
data.setCell(25, 3, 0);
data.setCell(26, 0, 26)
data.setCell(26, 1, 'isVerkaufVonHundeLinkClickableTest')
data.setCell(26, 2, 'org.nat.dog.tests.footerPage.FooterPageTests')
data.setCell(26, 3, 0);
data.setCell(27, 0, 27)
data.setCell(27, 1, 'isHomeComponentPresentTest')
data.setCell(27, 2, 'org.nat.dog.tests.homePage.HomePageTests')
data.setCell(27, 3, 0);
data.setCell(28, 0, 28)
data.setCell(28, 1, 'fillKennelsForm')
data.setCell(28, 2, 'org.nat.dog.tests.kennelsPage.KennelsPageTests')
data.setCell(28, 3, 0);
data.setCell(29, 0, 29)
data.setCell(29, 1, 'isRegistrationLinkPresentTest')
data.setCell(29, 2, 'org.nat.dog.tests.homePage.HomePageTests')
data.setCell(29, 3, 0);
data.setCell(30, 0, 30)
data.setCell(30, 1, 'loginPositiveTest1')
data.setCell(30, 2, 'org.nat.dog.tests.homePage.HomePageTests')
data.setCell(30, 3, 0);
data.setCell(31, 0, 31)
data.setCell(31, 1, 'KennelsPageTests')
data.setCell(31, 2, 'org.nat.dog.tests.kennelsPage.KennelsPageTests')
data.setCell(31, 3, 0);
data.setCell(32, 0, 32)
data.setCell(32, 1, 'isRegistrirenLinkPresentTest')
data.setCell(32, 2, 'org.nat.dog.tests.footerPage.FooterPageTests')
data.setCell(32, 3, 0);
data.setCell(33, 0, 33)
data.setCell(33, 1, 'fillRegistrationFormUsingDataProviderPositiveTest')
data.setCell(33, 2, 'org.nat.dog.tests.homePage.HomePageTests')
data.setCell(33, 3, 0);
data.setCell(34, 0, 34)
data.setCell(34, 1, 'showKennelsList')
data.setCell(34, 2, 'org.nat.dog.tests.kennelsPage.KennelsPageTests')
data.setCell(34, 3, 0);
data.setCell(35, 0, 35)
data.setCell(35, 1, 'isZahlungLinkClickableTest')
data.setCell(35, 2, 'org.nat.dog.tests.footerPage.FooterPageTests')
data.setCell(35, 3, 0);
data.setCell(36, 0, 36)
data.setCell(36, 1, 'isPhonePresentTest')
data.setCell(36, 2, 'org.nat.dog.tests.footerPage.FooterPageTests')
data.setCell(36, 3, 0);
data.setCell(37, 0, 37)
data.setCell(37, 1, 'fillLoginFormUsingDataProviderNegativeTest')
data.setCell(37, 2, 'org.nat.dog.tests.homePage.HomePageTests')
data.setCell(37, 3, 0);
data.setCell(38, 0, 38)
data.setCell(38, 1, 'isRegistrirenLinkClickableTest')
data.setCell(38, 2, 'org.nat.dog.tests.footerPage.FooterPageTests')
data.setCell(38, 3, 0);
data.setCell(39, 0, 39)
data.setCell(39, 1, 'isVerkaufVonHundeLinkPresentTest')
data.setCell(39, 2, 'org.nat.dog.tests.footerPage.FooterPageTests')
data.setCell(39, 3, 0);
data.setCell(40, 0, 40)
data.setCell(40, 1, 'fillLoginFormUsingDataProviderTest')
data.setCell(40, 2, 'org.nat.dog.tests.homePage.HomePageTests')
data.setCell(40, 3, 0);
window.suiteTableData['Quick']= { tableData: data, tableDiv: 'times-div-Quick'}
return data;
}
              </script>
              <span class="suite-total-time">Total running time: 34 seconds</span>
              <div id="times-div-Quick">
              </div> <!-- times-div-Quick -->
            </div> <!-- times-div -->
          </div> <!-- main-panel-content rounded-window-bottom -->
        </div> <!-- panel -->
        <div panel-name="reporter-Quick" class="panel">
          <div class="main-panel-header rounded-window-top">
            <span class="header-content">Reporter output for Quick</span>
          </div> <!-- main-panel-header rounded-window-top -->
          <div class="main-panel-content rounded-window-bottom">
          </div> <!-- main-panel-content rounded-window-bottom -->
        </div> <!-- panel -->
        <div panel-name="ignored-methods-Quick" class="panel">
          <div class="main-panel-header rounded-window-top">
            <span class="header-content">0 ignored methods</span>
          </div> <!-- main-panel-header rounded-window-top -->
          <div class="main-panel-content rounded-window-bottom">
          </div> <!-- main-panel-content rounded-window-bottom -->
        </div> <!-- panel -->
        <div panel-name="chronological-Quick" class="panel">
          <div class="main-panel-header rounded-window-top">
            <span class="header-content">Methods in chronological order</span>
          </div> <!-- main-panel-header rounded-window-top -->
          <div class="main-panel-content rounded-window-bottom">
            <div class="chronological-class">
              <div class="chronological-class-name">org.nat.dog.tests.aboutPage.AboutPageTests</div> <!-- chronological-class-name -->
              <div class="configuration-method before">
                <span class="method-name">init</span>
                <span class="method-start">0 ms</span>
              </div> <!-- configuration-method before -->
              <div class="configuration-method before">
                <span class="method-name">startLogger(public void org.nat.dog.tests.aboutPage.AboutPageTests.isAboutComponentPresentTest())</span>
                <span class="method-start">9892 ms</span>
              </div> <!-- configuration-method before -->
              <div class="configuration-method before">
                <span class="method-name">precondition</span>
                <span class="method-start">9896 ms</span>
              </div> <!-- configuration-method before -->
              <div class="test-method">
                <span class="method-name">isAboutComponentPresentTest</span>
                <span class="method-start">10227 ms</span>
              </div> <!-- test-method -->
            </div> <!-- chronological-class -->
            <div class="chronological-class">
              <div class="chronological-class-name">org.nat.dog.tests.clinicsPage.ClinicsPageTests</div> <!-- chronological-class-name -->
              <div class="configuration-method before">
                <span class="method-name">init</span>
                <span class="method-start">10477 ms</span>
              </div> <!-- configuration-method before -->
              <div class="configuration-method before">
                <span class="method-name">startLogger(public void org.nat.dog.tests.clinicsPage.ClinicsPageTests.fillClinicsForm())</span>
                <span class="method-start">17457 ms</span>
              </div> <!-- configuration-method before -->
              <div class="configuration-method before">
                <span class="method-name">precondition</span>
                <span class="method-start">17460 ms</span>
              </div> <!-- configuration-method before -->
              <div class="test-method">
                <span class="method-name">fillClinicsForm</span>
                <span class="method-start">17913 ms</span>
              </div> <!-- test-method -->
              <div class="configuration-method before">
                <span class="method-name">init</span>
                <span class="method-start">19424 ms</span>
              </div> <!-- configuration-method before -->
              <div class="configuration-method before">
                <span class="method-name">startLogger(public void org.nat.dog.tests.clinicsPage.ClinicsPageTests.isClinicsComponentPresentTest())</span>
                <span class="method-start">27749 ms</span>
              </div> <!-- configuration-method before -->
              <div class="configuration-method before">
                <span class="method-name">precondition</span>
                <span class="method-start">27754 ms</span>
              </div> <!-- configuration-method before -->
              <div class="test-method">
                <span class="method-name">isClinicsComponentPresentTest</span>
                <span class="method-start">28273 ms</span>
              </div> <!-- test-method -->
              <div class="configuration-method before">
                <span class="method-name">init</span>
                <span class="method-start">28502 ms</span>
              </div> <!-- configuration-method before -->
              <div class="configuration-method before">
                <span class="method-name">startLogger(public void org.nat.dog.tests.clinicsPage.ClinicsPageTests.showClinicsList())</span>
                <span class="method-start">35856 ms</span>
              </div> <!-- configuration-method before -->
              <div class="configuration-method before">
                <span class="method-name">precondition</span>
                <span class="method-start">35861 ms</span>
              </div> <!-- configuration-method before -->
              <div class="test-method">
                <span class="method-name">showClinicsList</span>
                <span class="method-start">36311 ms</span>
              </div> <!-- test-method -->
            </div> <!-- chronological-class -->
            <div class="chronological-class">
              <div class="chronological-class-name">org.nat.dog.tests.contactPage.ContactPageTests</div> <!-- chronological-class-name -->
              <div class="configuration-method before">
                <span class="method-name">init</span>
                <span class="method-start">37770 ms</span>
              </div> <!-- configuration-method before -->
              <div class="configuration-method before">
                <span class="method-name">startLogger(public void org.nat.dog.tests.contactPage.ContactPageTests.fillInTouchFormTest())</span>
                <span class="method-start">42683 ms</span>
              </div> <!-- configuration-method before -->
              <div class="configuration-method before">
                <span class="method-name">precondition</span>
                <span class="method-start">42686 ms</span>
              </div> <!-- configuration-method before -->
              <div class="test-method">
                <span class="method-name">fillInTouchFormTest</span>
                <span class="method-start">43638 ms</span>
              </div> <!-- test-method -->
              <div class="configuration-method before">
                <span class="method-name">init</span>
                <span class="method-start">48095 ms</span>
              </div> <!-- configuration-method before -->
              <div class="configuration-method before">
                <span class="method-name">startLogger(public void org.nat.dog.tests.contactPage.ContactPageTests.isGoingToGoogleMapsTest())</span>
                <span class="method-start">56981 ms</span>
              </div> <!-- configuration-method before -->
              <div class="configuration-method before">
                <span class="method-name">precondition</span>
                <span class="method-start">56990 ms</span>
              </div> <!-- configuration-method before -->
              <div class="test-method">
                <span class="method-name">isGoingToGoogleMapsTest</span>
                <span class="method-start">57509 ms</span>
              </div> <!-- test-method -->
            </div> <!-- chronological-class -->
            <div class="chronological-class">
              <div class="chronological-class-name">org.nat.dog.tests.footerPage.FooterPageTests</div> <!-- chronological-class-name -->
              <div class="configuration-method before">
                <span class="method-name">init</span>
                <span class="method-start">57698 ms</span>
              </div> <!-- configuration-method before -->
              <div class="configuration-method before">
                <span class="method-name">startLogger(public void org.nat.dog.tests.footerPage.FooterPageTests.isDatenschutzbestimmungenLinkClickableTest(...)</span>
                <span class="method-start">65447 ms</span>
              </div> <!-- configuration-method before -->
              <div class="test-method">
                <span class="method-name">isDatenschutzbestimmungenLinkClickableTest</span>
                <span class="method-start">65457 ms</span>
              </div> <!-- test-method -->
              <div class="configuration-method before">
                <span class="method-name">init</span>
                <span class="method-start">67428 ms</span>
              </div> <!-- configuration-method before -->
              <div class="configuration-method before">
                <span class="method-name">startLogger(public void org.nat.dog.tests.footerPage.FooterPageTests.isDatenschutzbestimmungenLinkPresentTest())</span>
                <span class="method-start">74103 ms</span>
              </div> <!-- configuration-method before -->
              <div class="test-method">
                <span class="method-name">isDatenschutzbestimmungenLinkPresentTest</span>
                <span class="method-start">74105 ms</span>
              </div> <!-- test-method -->
              <div class="configuration-method before">
                <span class="method-name">init</span>
                <span class="method-start">74288 ms</span>
              </div> <!-- configuration-method before -->
              <div class="configuration-method before">
                <span class="method-name">startLogger(public void org.nat.dog.tests.footerPage.FooterPageTests.isEineFragenStelenLinkClickableTest())</span>
                <span class="method-start">83132 ms</span>
              </div> <!-- configuration-method before -->
              <div class="test-method">
                <span class="method-name">isEineFragenStelenLinkClickableTest</span>
                <span class="method-start">83133 ms</span>
              </div> <!-- test-method -->
              <div class="configuration-method before">
                <span class="method-name">init</span>
                <span class="method-start">84855 ms</span>
              </div> <!-- configuration-method before -->
              <div class="configuration-method before">
                <span class="method-name">startLogger(public void org.nat.dog.tests.footerPage.FooterPageTests.isEineFragenStelenLinkPresentTest())</span>
                <span class="method-start">93433 ms</span>
              </div> <!-- configuration-method before -->
              <div class="test-method">
                <span class="method-name">isEineFragenStelenLinkPresentTest</span>
                <span class="method-start">93435 ms</span>
              </div> <!-- test-method -->
              <div class="configuration-method before">
                <span class="method-name">init</span>
                <span class="method-start">94049 ms</span>
              </div> <!-- configuration-method before -->
              <div class="configuration-method before">
                <span class="method-name">startLogger(public void org.nat.dog.tests.footerPage.FooterPageTests.isEmailPresentTest())</span>
                <span class="method-start">101898 ms</span>
              </div> <!-- configuration-method before -->
              <div class="test-method">
                <span class="method-name">isEmailPresentTest</span>
                <span class="method-start">101899 ms</span>
              </div> <!-- test-method -->
              <div class="configuration-method before">
                <span class="method-name">init</span>
                <span class="method-start">102384 ms</span>
              </div> <!-- configuration-method before -->
              <div class="configuration-method before">
                <span class="method-name">startLogger(public void org.nat.dog.tests.footerPage.FooterPageTests.isFacebookComponentPresentTest())</span>
                <span class="method-start">111642 ms</span>
              </div> <!-- configuration-method before -->
              <div class="test-method">
                <span class="method-name">isFacebookComponentPresentTest</span>
                <span class="method-start">111643 ms</span>
              </div> <!-- test-method -->
              <div class="configuration-method before">
                <span class="method-name">init</span>
                <span class="method-start">114379 ms</span>
              </div> <!-- configuration-method before -->
              <div class="configuration-method before">
                <span class="method-name">startLogger(public void org.nat.dog.tests.footerPage.FooterPageTests.isHotelF端rHundeLinkClickableTest())</span>
                <span class="method-start">129674 ms</span>
              </div> <!-- configuration-method before -->
              <div class="test-method">
                <span class="method-name">isHotelF端rHundeLinkClickableTest</span>
                <span class="method-start">129688 ms</span>
              </div> <!-- test-method -->
              <div class="configuration-method before">
                <span class="method-name">init</span>
                <span class="method-start">131408 ms</span>
              </div> <!-- configuration-method before -->
              <div class="configuration-method before">
                <span class="method-name">startLogger(public void org.nat.dog.tests.footerPage.FooterPageTests.isHotelF端rHundeLinkPresentTest())</span>
                <span class="method-start">144075 ms</span>
              </div> <!-- configuration-method before -->
              <div class="test-method">
                <span class="method-name">isHotelF端rHundeLinkPresentTest</span>
                <span class="method-start">144080 ms</span>
              </div> <!-- test-method -->
              <div class="configuration-method before">
                <span class="method-name">init</span>
                <span class="method-start">144450 ms</span>
              </div> <!-- configuration-method before -->
              <div class="configuration-method before">
                <span class="method-name">startLogger(public void org.nat.dog.tests.footerPage.FooterPageTests.isHundesitterLinkClickableTest())</span>
                <span class="method-start">158658 ms</span>
              </div> <!-- configuration-method before -->
              <div class="test-method">
                <span class="method-name">isHundesitterLinkClickableTest</span>
                <span class="method-start">158660 ms</span>
              </div> <!-- test-method -->
              <div class="configuration-method before">
                <span class="method-name">init</span>
                <span class="method-start">160632 ms</span>
              </div> <!-- configuration-method before -->
              <div class="configuration-method before">
                <span class="method-name">startLogger(public void org.nat.dog.tests.footerPage.FooterPageTests.isHundesitterLinkPresentTest())</span>
                <span class="method-start">174986 ms</span>
              </div> <!-- configuration-method before -->
              <div class="test-method">
                <span class="method-name">isHundesitterLinkPresentTest</span>
                <span class="method-start">175000 ms</span>
              </div> <!-- test-method -->
              <div class="configuration-method before">
                <span class="method-name">init</span>
                <span class="method-start">175609 ms</span>
              </div> <!-- configuration-method before -->
              <div class="configuration-method before">
                <span class="method-name">startLogger(public void org.nat.dog.tests.footerPage.FooterPageTests.isHundeverpaarrungLinkClickableTest())</span>
                <span class="method-start">186951 ms</span>
              </div> <!-- configuration-method before -->
              <div class="test-method">
                <span class="method-name">isHundeverpaarrungLinkClickableTest</span>
                <span class="method-start">186952 ms</span>
              </div> <!-- test-method -->
              <div class="configuration-method before">
                <span class="method-name">init</span>
                <span class="method-start">192453 ms</span>
              </div> <!-- configuration-method before -->
              <div class="configuration-method before">
                <span class="method-name">startLogger(public void org.nat.dog.tests.footerPage.FooterPageTests.isHundeverpaarrungLinkPresentTest())</span>
                <span class="method-start">208255 ms</span>
              </div> <!-- configuration-method before -->
              <div class="test-method">
                <span class="method-name">isHundeverpaarrungLinkPresentTest</span>
                <span class="method-start">208256 ms</span>
              </div> <!-- test-method -->
              <div class="configuration-method before">
                <span class="method-name">init</span>
                <span class="method-start">209059 ms</span>
              </div> <!-- configuration-method before -->
              <div class="configuration-method before">
                <span class="method-name">startLogger(public void org.nat.dog.tests.footerPage.FooterPageTests.isInstagramComponentPresentTest())</span>
                <span class="method-start">225691 ms</span>
              </div> <!-- configuration-method before -->
              <div class="test-method">
                <span class="method-name">isInstagramComponentPresentTest</span>
                <span class="method-start">225692 ms</span>
              </div> <!-- test-method -->
              <div class="configuration-method before">
                <span class="method-name">init</span>
                <span class="method-start">230138 ms</span>
              </div> <!-- configuration-method before -->
              <div class="configuration-method before">
                <span class="method-name">startLogger(public void org.nat.dog.tests.footerPage.FooterPageTests.isMainAddressPresentTest())</span>
                <span class="method-start">252875 ms</span>
              </div> <!-- configuration-method before -->
              <div class="test-method">
                <span class="method-name">isMainAddressPresentTest</span>
                <span class="method-start">252879 ms</span>
              </div> <!-- test-method -->
              <div class="configuration-method before">
                <span class="method-name">init</span>
                <span class="method-start">254261 ms</span>
              </div> <!-- configuration-method before -->
              <div class="configuration-method before">
                <span class="method-name">startLogger(public void org.nat.dog.tests.footerPage.FooterPageTests.isNutzungsvertragLinkClickableTest())</span>
                <span class="method-start">271244 ms</span>
              </div> <!-- configuration-method before -->
              <div class="test-method">
                <span class="method-name">isNutzungsvertragLinkClickableTest</span>
                <span class="method-start">271269 ms</span>
              </div> <!-- test-method -->
              <div class="configuration-method before">
                <img src="failed.png">
                </img>
                <span class="method-name">init</span>
                <span class="method-start">273460 ms</span>
              </div> <!-- configuration-method before -->
              <div class="configuration-method before">
                <span class="method-name">startLogger</span>
                <span class="method-start">278356 ms</span>
              </div> <!-- configuration-method before -->
              <div class="configuration-method before">
                <span class="method-name">init</span>
                <span class="method-start">278399 ms</span>
              </div> <!-- configuration-method before -->
              <div class="configuration-method before">
                <span class="method-name">startLogger</span>
                <span class="method-start">278400 ms</span>
              </div> <!-- configuration-method before -->
              <div class="configuration-method before">
                <span class="method-name">startLogger</span>
                <span class="method-start">278402 ms</span>
              </div> <!-- configuration-method before -->
              <div class="configuration-method before">
                <span class="method-name">init</span>
                <span class="method-start">278402 ms</span>
              </div> <!-- configuration-method before -->
              <div class="configuration-method before">
                <span class="method-name">init</span>
                <span class="method-start">278404 ms</span>
              </div> <!-- configuration-method before -->
              <div class="configuration-method before">
                <span class="method-name">startLogger</span>
                <span class="method-start">278404 ms</span>
              </div> <!-- configuration-method before -->
              <div class="configuration-method before">
                <span class="method-name">init</span>
                <span class="method-start">278405 ms</span>
              </div> <!-- configuration-method before -->
              <div class="configuration-method before">
                <span class="method-name">startLogger</span>
                <span class="method-start">278406 ms</span>
              </div> <!-- configuration-method before -->
              <div class="configuration-method before">
                <span class="method-name">init</span>
                <span class="method-start">278407 ms</span>
              </div> <!-- configuration-method before -->
              <div class="configuration-method before">
                <span class="method-name">startLogger</span>
                <span class="method-start">278408 ms</span>
              </div> <!-- configuration-method before -->
              <div class="configuration-method before">
                <span class="method-name">init</span>
                <span class="method-start">278413 ms</span>
              </div> <!-- configuration-method before -->
              <div class="configuration-method before">
                <span class="method-name">startLogger</span>
                <span class="method-start">278415 ms</span>
              </div> <!-- configuration-method before -->
              <div class="configuration-method before">
                <span class="method-name">init</span>
                <span class="method-start">278418 ms</span>
              </div> <!-- configuration-method before -->
              <div class="configuration-method before">
                <span class="method-name">startLogger</span>
                <span class="method-start">278419 ms</span>
              </div> <!-- configuration-method before -->
              <div class="configuration-method before">
                <span class="method-name">init</span>
                <span class="method-start">278421 ms</span>
              </div> <!-- configuration-method before -->
              <div class="configuration-method before">
                <span class="method-name">startLogger</span>
                <span class="method-start">278421 ms</span>
              </div> <!-- configuration-method before -->
            </div> <!-- chronological-class -->
            <div class="chronological-class">
              <div class="chronological-class-name">org.nat.dog.tests.homePage.HomePageTests</div> <!-- chronological-class-name -->
              <div class="configuration-method before">
                <img src="failed.png">
                </img>
                <span class="method-name">init</span>
                <span class="method-start">278512 ms</span>
              </div> <!-- configuration-method before -->
              <div class="configuration-method before">
                <span class="method-name">init</span>
                <span class="method-start">282333 ms</span>
              </div> <!-- configuration-method before -->
              <div class="configuration-method before">
                <span class="method-name">init</span>
                <span class="method-start">282341 ms</span>
              </div> <!-- configuration-method before -->
              <div class="configuration-method before">
                <span class="method-name">init</span>
                <span class="method-start">282366 ms</span>
              </div> <!-- configuration-method before -->
              <div class="configuration-method before">
                <span class="method-name">init</span>
                <span class="method-start">282369 ms</span>
              </div> <!-- configuration-method before -->
              <div class="configuration-method before">
                <span class="method-name">init</span>
                <span class="method-start">282371 ms</span>
              </div> <!-- configuration-method before -->
              <div class="configuration-method before">
                <span class="method-name">init</span>
                <span class="method-start">282374 ms</span>
              </div> <!-- configuration-method before -->
              <div class="configuration-method before">
                <span class="method-name">init</span>
                <span class="method-start">282386 ms</span>
              </div> <!-- configuration-method before -->
            </div> <!-- chronological-class -->
            <div class="chronological-class">
              <div class="chronological-class-name">org.nat.dog.tests.kennelsPage.KennelsPageTests</div> <!-- chronological-class-name -->
              <div class="configuration-method before">
                <img src="failed.png">
                </img>
                <span class="method-name">init</span>
                <span class="method-start">282390 ms</span>
              </div> <!-- configuration-method before -->
              <div class="configuration-method before">
                <span class="method-name">init</span>
                <span class="method-start">287555 ms</span>
              </div> <!-- configuration-method before -->
              <div class="configuration-method before">
                <span class="method-name">init</span>
                <span class="method-start">287567 ms</span>
              </div> <!-- configuration-method before -->
          </div> <!-- main-panel-content rounded-window-bottom -->
        </div> <!-- panel -->
      </div> <!-- main-panel-root -->
    </div> <!-- wrapper -->
  </body>
<script type="text/javascript" src="testng-reports2.js"></script>
</html>
