<?xml version="1.0" encoding="UTF-8"?>
<testsuite xmlns:xsi="http://www.w3.org/2001/XMLSchema-instance" xsi:noNamespaceSchemaLocation="https://maven.apache.org/surefire/maven-surefire-plugin/xsd/surefire-test-report.xsd" name="TestSuite" time="293.691" tests="84" errors="0" skipped="60" failures="3">
  <properties>
[...]
</properties>
  <testcase name="isAboutComponentPresentTest" classname="org.nat.dog.tests.aboutPage.AboutPageTests" time="0.216"/>
  <testcase name="fillClinicsForm" classname="org.nat.dog.tests.clinicsPage.ClinicsPageTests" time="1.501"/>
  <testcase name="isClinicsComponentPresentTest" classname="org.nat.dog.tests.clinicsPage.ClinicsPageTests" time="0.337"/>
  <testcase name="showClinicsList" classname="org.nat.dog.tests.clinicsPage.ClinicsPageTests" time="1.452"/>
  <testcase name="fillInTouchFormTest" classname="org.nat.dog.tests.contactPage.ContactPageTests" time="4.434"/>
  <testcase name="isGoingToGoogleMapsTest" classname="org.nat.dog.tests.contactPage.ContactPageTests" time="0.196"/>
  <testcase name="isDatenschutzbestimmungenLinkClickableTest" classname="org.nat.dog.tests.footerPage.FooterPageTests" time="1.851"/>
  <testcase name="isDatenschutzbestimmungenLinkPresentTest" classname="org.nat.dog.tests.footerPage.FooterPageTests" time="0.166"/>
  <testcase name="isEineFragenStelenLinkClickableTest" classname="org.nat.dog.tests.footerPage.FooterPageTests" time="1.652"/>
  <testcase name="isEineFragenStelenLinkPresentTest" classname="org.nat.dog.tests.footerPage.FooterPageTests" time="0.36"/>
  <testcase name="isEmailPresentTest" classname="org.nat.dog.tests.footerPage.FooterPageTests" time="0.32"/>
  <testcase name="isFacebookComponentPresentTest" classname="org.nat.dog.tests.footerPage.FooterPageTests" time="2.631"/>
  <testcase name="isHotelFürHundeLinkClickableTest" classname="org.nat.dog.tests.footerPage.FooterPageTests" time="1.624"/>
  <testcase name="isHotelFürHundeLinkPresentTest" classname="org.nat.dog.tests.footerPage.FooterPageTests" time="0.279"/>
  <testcase name="isHundesitterLinkClickableTest" classname="org.nat.dog.tests.footerPage.FooterPageTests" time="1.932"/>
  <testcase name="isHundesitterLinkPresentTest" classname="org.nat.dog.tests.footerPage.FooterPageTests" time="0.439"/>
  <testcase name="isHundeverpaarrungLinkClickableTest" classname="org.nat.dog.tests.footerPage.FooterPageTests" time="5.482"/>
  <testcase name="isHundeverpaarrungLinkPresentTest" classname="org.nat.dog.tests.footerPage.FooterPageTests" time="0.395"/>
  <testcase name="isInstagramComponentPresentTest" classname="org.nat.dog.tests.footerPage.FooterPageTests" time="4.272"/>
  <testcase name="isMainAddressPresentTest" classname="org.nat.dog.tests.footerPage.FooterPageTests" time="1.29"/>
  <testcase name="isNutzungsvertragLinkClickableTest" classname="org.nat.dog.tests.footerPage.FooterPageTests" time="2.153"/>
  <testcase name="init" classname="org.nat.dog.tests.footerPage.FooterPageTests" time="7.184">
    <failure message="Could not start a new session. Response code 500. Message: unknown error: failed to write prefs file &#10;Host info: host: &apos;DESKTOP-OS617JJ&apos;, ip: &apos;172.18.176.1&apos;&#10;Build info: version: &apos;4.12.1&apos;, revision: &apos;8e34639b11&apos;&#10;System info: os.name: &apos;Windows 10&apos;, os.arch: &apos;amd64&apos;, os.version: &apos;10.0&apos;, java.version: &apos;11.0.16&apos;&#10;Driver info: org.openqa.selenium.chrome.ChromeDriver&#10;Command: [null, newSession {capabilities=[Capabilities {browserName: chrome, goog:chromeOptions: {args: [--remote-allow-origins=*], binary: C:\Program Files\Google\Chr..., extensions: []}}]}]" type="org.openqa.selenium.SessionNotCreatedException">org.openqa.selenium.SessionNotCreatedException: 
Could not start a new session. Response code 500. Message: unknown error: failed to write prefs file 
Host info: host: 'DESKTOP-OS617JJ', ip: '172.18.176.1'
Build info: version: '4.12.1', revision: '8e34639b11'
System info: os.name: 'Windows 10', os.arch: 'amd64', os.version: '10.0', java.version: '11.0.16'
Driver info: org.openqa.selenium.chrome.ChromeDriver
Command: [null, newSession {capabilities=[Capabilities {browserName: chrome, goog:chromeOptions: {args: [--remote-allow-origins=*], binary: C:\Program Files\Google\Chr..., extensions: []}}]}]
</failure>
  </testcase>
  <testcase name="init" classname="org.nat.dog.tests.footerPage.FooterPageTests" time="0">
    <skipped/>
  </testcase>
  <testcase name="init" classname="org.nat.dog.tests.footerPage.FooterPageTests" time="0">
    <skipped/>
  </testcase>
  <testcase name="init" classname="org.nat.dog.tests.footerPage.FooterPageTests" time="0">
    <skipped/>
  </testcase>
  <testcase name="init" classname="org.nat.dog.tests.footerPage.FooterPageTests" time="0">
    <skipped/>
  </testcase>
  <testcase name="init" classname="org.nat.dog.tests.footerPage.FooterPageTests" time="0">
    <skipped/>
  </testcase>
  <testcase name="init" classname="org.nat.dog.tests.footerPage.FooterPageTests" time="0">
    <skipped/>
  </testcase>
  <testcase name="init" classname="org.nat.dog.tests.footerPage.FooterPageTests" time="0">
    <skipped/>
  </testcase>
  <testcase name="init" classname="org.nat.dog.tests.footerPage.FooterPageTests" time="0">
    <skipped/>
  </testcase>
  <testcase name="startLogger" classname="org.nat.dog.tests.footerPage.FooterPageTests" time="0">
    <skipped/>
  </testcase>
  <testcase name="startLogger" classname="org.nat.dog.tests.footerPage.FooterPageTests" time="0">
    <skipped/>
  </testcase>
  <testcase name="startLogger" classname="org.nat.dog.tests.footerPage.FooterPageTests" time="0">
    <skipped/>
  </testcase>
  <testcase name="startLogger" classname="org.nat.dog.tests.footerPage.FooterPageTests" time="0">
    <skipped/>
  </testcase>
  <testcase name="startLogger" classname="org.nat.dog.tests.footerPage.FooterPageTests" time="0">
    <skipped/>
  </testcase>
  <testcase name="startLogger" classname="org.nat.dog.tests.footerPage.FooterPageTests" time="0">
    <skipped/>
  </testcase>
  <testcase name="startLogger" classname="org.nat.dog.tests.footerPage.FooterPageTests" time="0">
    <skipped/>
  </testcase>
  <testcase name="startLogger" classname="org.nat.dog.tests.footerPage.FooterPageTests" time="0">
    <skipped/>
  </testcase>
  <testcase name="startLogger" classname="org.nat.dog.tests.footerPage.FooterPageTests" time="0">
    <skipped/>
  </testcase>
  <testcase name="isNutzungsvertragLinkPresentTest" classname="org.nat.dog.tests.footerPage.FooterPageTests" time="0">
    <skipped message="Could not start a new session. Response code 500. Message: unknown error: failed to write prefs file &#10;Host info: host: &apos;DESKTOP-OS617JJ&apos;, ip: &apos;172.18.176.1&apos;&#10;Build info: version: &apos;4.12.1&apos;, revision: &apos;8e34639b11&apos;&#10;System info: os.name: &apos;Windows 10&apos;, os.arch: &apos;amd64&apos;, os.version: &apos;10.0&apos;, java.version: &apos;11.0.16&apos;&#10;Driver info: org.openqa.selenium.chrome.ChromeDriver&#10;Command: [null, newSession {capabilities=[Capabilities {browserName: chrome, goog:chromeOptions: {args: [--remote-allow-origins=*], binary: C:\Program Files\Google\Chr..., extensions: []}}]}]"/>
  </testcase>
  <testcase name="isPhonePresentTest" classname="org.nat.dog.tests.footerPage.FooterPageTests" time="0">
    <skipped message="Could not start a new session. Response code 500. Message: unknown error: failed to write prefs file &#10;Host info: host: &apos;DESKTOP-OS617JJ&apos;, ip: &apos;172.18.176.1&apos;&#10;Build info: version: &apos;4.12.1&apos;, revision: &apos;8e34639b11&apos;&#10;System info: os.name: &apos;Windows 10&apos;, os.arch: &apos;amd64&apos;, os.version: &apos;10.0&apos;, java.version: &apos;11.0.16&apos;&#10;Driver info: org.openqa.selenium.chrome.ChromeDriver&#10;Command: [null, newSession {capabilities=[Capabilities {browserName: chrome, goog:chromeOptions: {args: [--remote-allow-origins=*], binary: C:\Program Files\Google\Chr..., extensions: []}}]}]"/>
  </testcase>
  <testcase name="isRegistrirenLinkClickableTest" classname="org.nat.dog.tests.footerPage.FooterPageTests" time="0">
    <skipped message="Could not start a new session. Response code 500. Message: unknown error: failed to write prefs file &#10;Host info: host: &apos;DESKTOP-OS617JJ&apos;, ip: &apos;172.18.176.1&apos;&#10;Build info: version: &apos;4.12.1&apos;, revision: &apos;8e34639b11&apos;&#10;System info: os.name: &apos;Windows 10&apos;, os.arch: &apos;amd64&apos;, os.version: &apos;10.0&apos;, java.version: &apos;11.0.16&apos;&#10;Driver info: org.openqa.selenium.chrome.ChromeDriver&#10;Command: [null, newSession {capabilities=[Capabilities {browserName: chrome, goog:chromeOptions: {args: [--remote-allow-origins=*], binary: C:\Program Files\Google\Chr..., extensions: []}}]}]"/>
  </testcase>
  <testcase name="isRegistrirenLinkPresentTest" classname="org.nat.dog.tests.footerPage.FooterPageTests" time="0">
    <skipped message="Could not start a new session. Response code 500. Message: unknown error: failed to write prefs file &#10;Host info: host: &apos;DESKTOP-OS617JJ&apos;, ip: &apos;172.18.176.1&apos;&#10;Build info: version: &apos;4.12.1&apos;, revision: &apos;8e34639b11&apos;&#10;System info: os.name: &apos;Windows 10&apos;, os.arch: &apos;amd64&apos;, os.version: &apos;10.0&apos;, java.version: &apos;11.0.16&apos;&#10;Driver info: org.openqa.selenium.chrome.ChromeDriver&#10;Command: [null, newSession {capabilities=[Capabilities {browserName: chrome, goog:chromeOptions: {args: [--remote-allow-origins=*], binary: C:\Program Files\Google\Chr..., extensions: []}}]}]"/>
  </testcase>
  <testcase name="isVerkaufVonHundeLinkClickableTest" classname="org.nat.dog.tests.footerPage.FooterPageTests" time="0">
    <skipped message="Could not start a new session. Response code 500. Message: unknown error: failed to write prefs file &#10;Host info: host: &apos;DESKTOP-OS617JJ&apos;, ip: &apos;172.18.176.1&apos;&#10;Build info: version: &apos;4.12.1&apos;, revision: &apos;8e34639b11&apos;&#10;System info: os.name: &apos;Windows 10&apos;, os.arch: &apos;amd64&apos;, os.version: &apos;10.0&apos;, java.version: &apos;11.0.16&apos;&#10;Driver info: org.openqa.selenium.chrome.ChromeDriver&#10;Command: [null, newSession {capabilities=[Capabilities {browserName: chrome, goog:chromeOptions: {args: [--remote-allow-origins=*], binary: C:\Program Files\Google\Chr..., extensions: []}}]}]"/>
  </testcase>
  <testcase name="isVerkaufVonHundeLinkPresentTest" classname="org.nat.dog.tests.footerPage.FooterPageTests" time="0">
    <skipped message="Could not start a new session. Response code 500. Message: unknown error: failed to write prefs file &#10;Host info: host: &apos;DESKTOP-OS617JJ&apos;, ip: &apos;172.18.176.1&apos;&#10;Build info: version: &apos;4.12.1&apos;, revision: &apos;8e34639b11&apos;&#10;System info: os.name: &apos;Windows 10&apos;, os.arch: &apos;amd64&apos;, os.version: &apos;10.0&apos;, java.version: &apos;11.0.16&apos;&#10;Driver info: org.openqa.selenium.chrome.ChromeDriver&#10;Command: [null, newSession {capabilities=[Capabilities {browserName: chrome, goog:chromeOptions: {args: [--remote-allow-origins=*], binary: C:\Program Files\Google\Chr..., extensions: []}}]}]"/>
  </testcase>
  <testcase name="isYoutubeComponentPresentTest" classname="org.nat.dog.tests.footerPage.FooterPageTests" time="0">
    <skipped message="Could not start a new session. Response code 500. Message: unknown error: failed to write prefs file &#10;Host info: host: &apos;DESKTOP-OS617JJ&apos;, ip: &apos;172.18.176.1&apos;&#10;Build info: version: &apos;4.12.1&apos;, revision: &apos;8e34639b11&apos;&#10;System info: os.name: &apos;Windows 10&apos;, os.arch: &apos;amd64&apos;, os.version: &apos;10.0&apos;, java.version: &apos;11.0.16&apos;&#10;Driver info: org.openqa.selenium.chrome.ChromeDriver&#10;Command: [null, newSession {capabilities=[Capabilities {browserName: chrome, goog:chromeOptions: {args: [--remote-allow-origins=*], binary: C:\Program Files\Google\Chr..., extensions: []}}]}]"/>
  </testcase>
  <testcase name="isZahlungLinkClickableTest" classname="org.nat.dog.tests.footerPage.FooterPageTests" time="0">
    <skipped message="Could not start a new session. Response code 500. Message: unknown error: failed to write prefs file &#10;Host info: host: &apos;DESKTOP-OS617JJ&apos;, ip: &apos;172.18.176.1&apos;&#10;Build info: version: &apos;4.12.1&apos;, revision: &apos;8e34639b11&apos;&#10;System info: os.name: &apos;Windows 10&apos;, os.arch: &apos;amd64&apos;, os.version: &apos;10.0&apos;, java.version: &apos;11.0.16&apos;&#10;Driver info: org.openqa.selenium.chrome.ChromeDriver&#10;Command: [null, newSession {capabilities=[Capabilities {browserName: chrome, goog:chromeOptions: {args: [--remote-allow-origins=*], binary: C:\Program Files\Google\Chr..., extensions: []}}]}]"/>
  </testcase>
  <testcase name="isZahlungLinkPresentTest" classname="org.nat.dog.tests.footerPage.FooterPageTests" time="0">
    <skipped message="Could not start a new session. Response code 500. Message: unknown error: failed to write prefs file &#10;Host info: host: &apos;DESKTOP-OS617JJ&apos;, ip: &apos;172.18.176.1&apos;&#10;Build info: version: &apos;4.12.1&apos;, revision: &apos;8e34639b11&apos;&#10;System info: os.name: &apos;Windows 10&apos;, os.arch: &apos;amd64&apos;, os.version: &apos;10.0&apos;, java.version: &apos;11.0.16&apos;&#10;Driver info: org.openqa.selenium.chrome.ChromeDriver&#10;Command: [null, newSession {capabilities=[Capabilities {browserName: chrome, goog:chromeOptions: {args: [--remote-allow-origins=*], binary: C:\Program Files\Google\Chr..., extensions: []}}]}]"/>
  </testcase>
  <testcase name="init" classname="org.nat.dog.tests.homePage.HomePageTests" time="3.831">
    <failure message="Could not start a new session. Response code 500. Message: unknown error: failed to write prefs file &#10;Host info: host: &apos;DESKTOP-OS617JJ&apos;, ip: &apos;172.18.176.1&apos;&#10;Build info: version: &apos;4.12.1&apos;, revision: &apos;8e34639b11&apos;&#10;System info: os.name: &apos;Windows 10&apos;, os.arch: &apos;amd64&apos;, os.version: &apos;10.0&apos;, java.version: &apos;11.0.16&apos;&#10;Driver info: org.openqa.selenium.chrome.ChromeDriver&#10;Command: [null, newSession {capabilities=[Capabilities {browserName: chrome, goog:chromeOptions: {args: [--remote-allow-origins=*], binary: C:\Program Files\Google\Chr..., extensions: []}}]}]" type="org.openqa.selenium.SessionNotCreatedException">org.openqa.selenium.SessionNotCreatedException: 
Could not start a new session. Response code 500. Message: unknown error: failed to write prefs file 
Host info: host: 'DESKTOP-OS617JJ', ip: '172.18.176.1'
Build info: version: '4.12.1', revision: '8e34639b11'
System info: os.name: 'Windows 10', os.arch: 'amd64', os.version: '10.0', java.version: '11.0.16'
Driver info: org.openqa.selenium.chrome.ChromeDriver
Command: [null, newSession {capabilities=[Capabilities {browserName: chrome, goog:chromeOptions: {args: [--remote-allow-origins=*], binary: C:\Program Files\Google\Chr..., extensions: []}}]}]
</failure>
  </testcase>
  <testcase name="init" classname="org.nat.dog.tests.homePage.HomePageTests" time="0">
    <skipped/>
  </testcase>
  <testcase name="init" classname="org.nat.dog.tests.homePage.HomePageTests" time="0">
    <skipped/>
  </testcase>
  <testcase name="init" classname="org.nat.dog.tests.homePage.HomePageTests" time="0">
    <skipped/>
  </testcase>
  <testcase name="init" classname="org.nat.dog.tests.homePage.HomePageTests" time="0">
    <skipped/>
  </testcase>
  <testcase name="init" classname="org.nat.dog.tests.homePage.HomePageTests" time="0">
    <skipped/>
  </testcase>
  <testcase name="init" classname="org.nat.dog.tests.homePage.HomePageTests" time="0">
    <skipped/>
  </testcase>
  <testcase name="init" classname="org.nat.dog.tests.homePage.HomePageTests" time="0">
    <skipped/>
  </testcase>
  <testcase name="startLogger" classname="org.nat.dog.tests.homePage.HomePageTests" time="0">
    <skipped/>
  </testcase>
  <testcase name="startLogger" classname="org.nat.dog.tests.homePage.HomePageTests" time="0">
    <skipped/>
  </testcase>
  <testcase name="startLogger" classname="org.nat.dog.tests.homePage.HomePageTests" time="0">
    <skipped/>
  </testcase>
  <testcase name="startLogger" classname="org.nat.dog.tests.homePage.HomePageTests" time="0">
    <skipped/>
  </testcase>
  <testcase name="startLogger" classname="org.nat.dog.tests.homePage.HomePageTests" time="0">
    <skipped/>
  </testcase>
  <testcase name="startLogger" classname="org.nat.dog.tests.homePage.HomePageTests" time="0">
    <skipped/>
  </testcase>
  <testcase name="startLogger" classname="org.nat.dog.tests.homePage.HomePageTests" time="0">
    <skipped/>
  </testcase>
  <testcase name="startLogger" classname="org.nat.dog.tests.homePage.HomePageTests" time="0">
    <skipped/>
  </testcase>
  <testcase name="fillLoginFormUsingDataProviderNegativeTest" classname="org.nat.dog.tests.homePage.HomePageTests" time="0">
    <skipped message="Could not start a new session. Response code 500. Message: unknown error: failed to write prefs file &#10;Host info: host: &apos;DESKTOP-OS617JJ&apos;, ip: &apos;172.18.176.1&apos;&#10;Build info: version: &apos;4.12.1&apos;, revision: &apos;8e34639b11&apos;&#10;System info: os.name: &apos;Windows 10&apos;, os.arch: &apos;amd64&apos;, os.version: &apos;10.0&apos;, java.version: &apos;11.0.16&apos;&#10;Driver info: org.openqa.selenium.chrome.ChromeDriver&#10;Command: [null, newSession {capabilities=[Capabilities {browserName: chrome, goog:chromeOptions: {args: [--remote-allow-origins=*], binary: C:\Program Files\Google\Chr..., extensions: []}}]}]"/>
  </testcase>
  <testcase name="fillLoginFormUsingDataProviderTest" classname="org.nat.dog.tests.homePage.HomePageTests" time="0">
    <skipped message="Could not start a new session. Response code 500. Message: unknown error: failed to write prefs file &#10;Host info: host: &apos;DESKTOP-OS617JJ&apos;, ip: &apos;172.18.176.1&apos;&#10;Build info: version: &apos;4.12.1&apos;, revision: &apos;8e34639b11&apos;&#10;System info: os.name: &apos;Windows 10&apos;, os.arch: &apos;amd64&apos;, os.version: &apos;10.0&apos;, java.version: &apos;11.0.16&apos;&#10;Driver info: org.openqa.selenium.chrome.ChromeDriver&#10;Command: [null, newSession {capabilities=[Capabilities {browserName: chrome, goog:chromeOptions: {args: [--remote-allow-origins=*], binary: C:\Program Files\Google\Chr..., extensions: []}}]}]"/>
  </testcase>
  <testcase name="fillRegistrationFormUsingDataProviderNegativeTest" classname="org.nat.dog.tests.homePage.HomePageTests" time="0">
    <skipped message="Could not start a new session. Response code 500. Message: unknown error: failed to write prefs file &#10;Host info: host: &apos;DESKTOP-OS617JJ&apos;, ip: &apos;172.18.176.1&apos;&#10;Build info: version: &apos;4.12.1&apos;, revision: &apos;8e34639b11&apos;&#10;System info: os.name: &apos;Windows 10&apos;, os.arch: &apos;amd64&apos;, os.version: &apos;10.0&apos;, java.version: &apos;11.0.16&apos;&#10;Driver info: org.openqa.selenium.chrome.ChromeDriver&#10;Command: [null, newSession {capabilities=[Capabilities {browserName: chrome, goog:chromeOptions: {args: [--remote-allow-origins=*], binary: C:\Program Files\Google\Chr..., extensions: []}}]}]"/>
  </testcase>
  <testcase name="fillRegistrationFormUsingDataProviderPositiveTest" classname="org.nat.dog.tests.homePage.HomePageTests" time="0">
    <skipped message="Could not start a new session. Response code 500. Message: unknown error: failed to write prefs file &#10;Host info: host: &apos;DESKTOP-OS617JJ&apos;, ip: &apos;172.18.176.1&apos;&#10;Build info: version: &apos;4.12.1&apos;, revision: &apos;8e34639b11&apos;&#10;System info: os.name: &apos;Windows 10&apos;, os.arch: &apos;amd64&apos;, os.version: &apos;10.0&apos;, java.version: &apos;11.0.16&apos;&#10;Driver info: org.openqa.selenium.chrome.ChromeDriver&#10;Command: [null, newSession {capabilities=[Capabilities {browserName: chrome, goog:chromeOptions: {args: [--remote-allow-origins=*], binary: C:\Program Files\Google\Chr..., extensions: []}}]}]"/>
  </testcase>
  <testcase name="imgTest" classname="org.nat.dog.tests.homePage.HomePageTests" time="0">
    <skipped message="Could not start a new session. Response code 500. Message: unknown error: failed to write prefs file &#10;Host info: host: &apos;DESKTOP-OS617JJ&apos;, ip: &apos;172.18.176.1&apos;&#10;Build info: version: &apos;4.12.1&apos;, revision: &apos;8e34639b11&apos;&#10;System info: os.name: &apos;Windows 10&apos;, os.arch: &apos;amd64&apos;, os.version: &apos;10.0&apos;, java.version: &apos;11.0.16&apos;&#10;Driver info: org.openqa.selenium.chrome.ChromeDriver&#10;Command: [null, newSession {capabilities=[Capabilities {browserName: chrome, goog:chromeOptions: {args: [--remote-allow-origins=*], binary: C:\Program Files\Google\Chr..., extensions: []}}]}]"/>
  </testcase>
  <testcase name="isHomeComponentPresentTest" classname="org.nat.dog.tests.homePage.HomePageTests" time="0">
    <skipped message="Could not start a new session. Response code 500. Message: unknown error: failed to write prefs file &#10;Host info: host: &apos;DESKTOP-OS617JJ&apos;, ip: &apos;172.18.176.1&apos;&#10;Build info: version: &apos;4.12.1&apos;, revision: &apos;8e34639b11&apos;&#10;System info: os.name: &apos;Windows 10&apos;, os.arch: &apos;amd64&apos;, os.version: &apos;10.0&apos;, java.version: &apos;11.0.16&apos;&#10;Driver info: org.openqa.selenium.chrome.ChromeDriver&#10;Command: [null, newSession {capabilities=[Capabilities {browserName: chrome, goog:chromeOptions: {args: [--remote-allow-origins=*], binary: C:\Program Files\Google\Chr..., extensions: []}}]}]"/>
  </testcase>
  <testcase name="isRegistrationLinkPresentTest" classname="org.nat.dog.tests.homePage.HomePageTests" time="0">
    <skipped message="Could not start a new session. Response code 500. Message: unknown error: failed to write prefs file &#10;Host info: host: &apos;DESKTOP-OS617JJ&apos;, ip: &apos;172.18.176.1&apos;&#10;Build info: version: &apos;4.12.1&apos;, revision: &apos;8e34639b11&apos;&#10;System info: os.name: &apos;Windows 10&apos;, os.arch: &apos;amd64&apos;, os.version: &apos;10.0&apos;, java.version: &apos;11.0.16&apos;&#10;Driver info: org.openqa.selenium.chrome.ChromeDriver&#10;Command: [null, newSession {capabilities=[Capabilities {browserName: chrome, goog:chromeOptions: {args: [--remote-allow-origins=*], binary: C:\Program Files\Google\Chr..., extensions: []}}]}]"/>
  </testcase>
  <testcase name="loginPositiveTest1" classname="org.nat.dog.tests.homePage.HomePageTests" time="0">
    <skipped message="Could not start a new session. Response code 500. Message: unknown error: failed to write prefs file &#10;Host info: host: &apos;DESKTOP-OS617JJ&apos;, ip: &apos;172.18.176.1&apos;&#10;Build info: version: &apos;4.12.1&apos;, revision: &apos;8e34639b11&apos;&#10;System info: os.name: &apos;Windows 10&apos;, os.arch: &apos;amd64&apos;, os.version: &apos;10.0&apos;, java.version: &apos;11.0.16&apos;&#10;Driver info: org.openqa.selenium.chrome.ChromeDriver&#10;Command: [null, newSession {capabilities=[Capabilities {browserName: chrome, goog:chromeOptions: {args: [--remote-allow-origins=*], binary: C:\Program Files\Google\Chr..., extensions: []}}]}]"/>
  </testcase>
  <testcase name="init" classname="org.nat.dog.tests.kennelsPage.KennelsPageTests" time="5.166">
    <failure message="Could not start a new session. Response code 500. Message: unknown error: failed to write prefs file &#10;Host info: host: &apos;DESKTOP-OS617JJ&apos;, ip: &apos;172.18.176.1&apos;&#10;Build info: version: &apos;4.12.1&apos;, revision: &apos;8e34639b11&apos;&#10;System info: os.name: &apos;Windows 10&apos;, os.arch: &apos;amd64&apos;, os.version: &apos;10.0&apos;, java.version: &apos;11.0.16&apos;&#10;Driver info: org.openqa.selenium.chrome.ChromeDriver&#10;Command: [null, newSession {capabilities=[Capabilities {browserName: chrome, goog:chromeOptions: {args: [--remote-allow-origins=*], binary: C:\Program Files\Google\Chr..., extensions: []}}]}]" type="org.openqa.selenium.SessionNotCreatedException">org.openqa.selenium.SessionNotCreatedException: 
Could not start a new session. Response code 500. Message: unknown error: failed to write prefs file 
Host info: host: 'DESKTOP-OS617JJ', ip: '172.18.176.1'
Build info: version: '4.12.1', revision: '8e34639b11'
System info: os.name: 'Windows 10', os.arch: 'amd64', os.version: '10.0', java.version: '11.0.16'
Driver info: org.openqa.selenium.chrome.ChromeDriver
Command: [null, newSession {capabilities=[Capabilities {browserName: chrome, goog:chromeOptions: {args: [--remote-allow-origins=*], binary: C:\Program Files\Google\Chr..., extensions: []}}]}]
</failure>
    <system-err><![CDATA[Nov 18, 2023 3:56:06 PM org.openqa.selenium.os.OsProcess destroy
SEVERE: Unable to kill process Process[pid=16348, exitValue=1]
]]></system-err>
  </testcase>
  <testcase name="init" classname="org.nat.dog.tests.kennelsPage.KennelsPageTests" time="0">
    <skipped/>
  </testcase>
  <testcase name="init" classname="org.nat.dog.tests.kennelsPage.KennelsPageTests" time="0">
    <skipped/>
  </testcase>
  <testcase name="startLogger" classname="org.nat.dog.tests.kennelsPage.KennelsPageTests" time="0">
    <skipped/>
  </testcase>
  <testcase name="startLogger" classname="org.nat.dog.tests.kennelsPage.KennelsPageTests" time="0">
    <skipped/>
  </testcase>
  <testcase name="startLogger" classname="org.nat.dog.tests.kennelsPage.KennelsPageTests" time="0">
    <skipped/>
  </testcase>
  <testcase name="precondition" classname="org.nat.dog.tests.kennelsPage.KennelsPageTests" time="0">
    <skipped/>
  </testcase>
  <testcase name="precondition" classname="org.nat.dog.tests.kennelsPage.KennelsPageTests" time="0">
    <skipped/>
  </testcase>
  <testcase name="precondition" classname="org.nat.dog.tests.kennelsPage.KennelsPageTests" time="0">
    <skipped/>
  </testcase>
  <testcase name="KennelsPageTests" classname="org.nat.dog.tests.kennelsPage.KennelsPageTests" time="0">
    <skipped message="Could not start a new session. Response code 500. Message: unknown error: failed to write prefs file &#10;Host info: host: &apos;DESKTOP-OS617JJ&apos;, ip: &apos;172.18.176.1&apos;&#10;Build info: version: &apos;4.12.1&apos;, revision: &apos;8e34639b11&apos;&#10;System info: os.name: &apos;Windows 10&apos;, os.arch: &apos;amd64&apos;, os.version: &apos;10.0&apos;, java.version: &apos;11.0.16&apos;&#10;Driver info: org.openqa.selenium.chrome.ChromeDriver&#10;Command: [null, newSession {capabilities=[Capabilities {browserName: chrome, goog:chromeOptions: {args: [--remote-allow-origins=*], binary: C:\Program Files\Google\Chr..., extensions: []}}]}]"/>
  </testcase>
  <testcase name="fillKennelsForm" classname="org.nat.dog.tests.kennelsPage.KennelsPageTests" time="0">
    <skipped message="Could not start a new session. Response code 500. Message: unknown error: failed to write prefs file &#10;Host info: host: &apos;DESKTOP-OS617JJ&apos;, ip: &apos;172.18.176.1&apos;&#10;Build info: version: &apos;4.12.1&apos;, revision: &apos;8e34639b11&apos;&#10;System info: os.name: &apos;Windows 10&apos;, os.arch: &apos;amd64&apos;, os.version: &apos;10.0&apos;, java.version: &apos;11.0.16&apos;&#10;Driver info: org.openqa.selenium.chrome.ChromeDriver&#10;Command: [null, newSession {capabilities=[Capabilities {browserName: chrome, goog:chromeOptions: {args: [--remote-allow-origins=*], binary: C:\Program Files\Google\Chr..., extensions: []}}]}]"/>
  </testcase>
  <testcase name="showKennelsList" classname="org.nat.dog.tests.kennelsPage.KennelsPageTests" time="0">
    <skipped message="Could not start a new session. Response code 500. Message: unknown error: failed to write prefs file &#10;Host info: host: &apos;DESKTOP-OS617JJ&apos;, ip: &apos;172.18.176.1&apos;&#10;Build info: version: &apos;4.12.1&apos;, revision: &apos;8e34639b11&apos;&#10;System info: os.name: &apos;Windows 10&apos;, os.arch: &apos;amd64&apos;, os.version: &apos;10.0&apos;, java.version: &apos;11.0.16&apos;&#10;Driver info: org.openqa.selenium.chrome.ChromeDriver&#10;Command: [null, newSession {capabilities=[Capabilities {browserName: chrome, goog:chromeOptions: {args: [--remote-allow-origins=*], binary: C:\Program Files\Google\Chr..., extensions: []}}]}]"/>
  </testcase>
</testsuite>