<?xml version="1.0" encoding="UTF-8"?>
<testsuite xmlns:xsi="http://www.w3.org/2001/XMLSchema-instance" xsi:noNamespaceSchemaLocation="https://maven.apache.org/surefire/maven-surefire-plugin/xsd/surefire-test-report-3.0.xsd" version="3.0" name="TestSuite" time="3.593" tests="45" errors="0" skipped="41" failures="4">
  <properties>
[...]
</properties>
  <testcase name="init" classname="org.nat.dog.tests.aboutPage.AboutPageTests" time="2.861">
    <failure message="Receiver class org.openqa.selenium.firefox.GeckoDriverService$Builder does not define or inherit an implementation of the resolved method abstract loadSystemProperties()V of abstract class org.openqa.selenium.remote.service.DriverService$Builder." type="java.lang.AbstractMethodError"><![CDATA[java.lang.AbstractMethodError: Receiver class org.openqa.selenium.firefox.GeckoDriverService$Builder does not define or inherit an implementation of the resolved method abstract loadSystemProperties()V of abstract class org.openqa.selenium.remote.service.DriverService$Builder.
]]></failure>
  </testcase>
  <testcase name="startLogger" classname="org.nat.dog.tests.aboutPage.AboutPageTests" time="0">
    <skipped/>
  </testcase>
  <testcase name="precondition" classname="org.nat.dog.tests.aboutPage.AboutPageTests" time="0">
    <skipped/>
  </testcase>
  <testcase name="isAboutComponentPresentTest" classname="org.nat.dog.tests.aboutPage.AboutPageTests" time="0">
    <skipped message="Receiver class org.openqa.selenium.firefox.GeckoDriverService$Builder does not define or inherit an implementation of the resolved method abstract loadSystemProperties()V of abstract class org.openqa.selenium.remote.service.DriverService$Builder."/>
  </testcase>
  <testcase name="tearDown" classname="org.nat.dog.tests.aboutPage.AboutPageTests" time="0">
    <skipped/>
  </testcase>
  <testcase name="init" classname="org.nat.dog.tests.clinicsPage.ClinicsPageTests" time="0.018">
    <failure message="Receiver class org.openqa.selenium.firefox.GeckoDriverService$Builder does not define or inherit an implementation of the resolved method abstract loadSystemProperties()V of abstract class org.openqa.selenium.remote.service.DriverService$Builder." type="java.lang.AbstractMethodError"><![CDATA[java.lang.AbstractMethodError: Receiver class org.openqa.selenium.firefox.GeckoDriverService$Builder does not define or inherit an implementation of the resolved method abstract loadSystemProperties()V of abstract class org.openqa.selenium.remote.service.DriverService$Builder.
]]></failure>
  </testcase>
  <testcase name="init" classname="org.nat.dog.tests.clinicsPage.ClinicsPageTests" time="0">
    <skipped/>
  </testcase>
  <testcase name="init" classname="org.nat.dog.tests.clinicsPage.ClinicsPageTests" time="0">
    <skipped/>
  </testcase>
  <testcase name="startLogger" classname="org.nat.dog.tests.clinicsPage.ClinicsPageTests" time="0">
    <skipped/>
  </testcase>
  <testcase name="startLogger" classname="org.nat.dog.tests.clinicsPage.ClinicsPageTests" time="0">
    <skipped/>
  </testcase>
  <testcase name="startLogger" classname="org.nat.dog.tests.clinicsPage.ClinicsPageTests" time="0">
    <skipped/>
  </testcase>
  <testcase name="precondition" classname="org.nat.dog.tests.clinicsPage.ClinicsPageTests" time="0">
    <skipped/>
  </testcase>
  <testcase name="precondition" classname="org.nat.dog.tests.clinicsPage.ClinicsPageTests" time="0">
    <skipped/>
  </testcase>
  <testcase name="precondition" classname="org.nat.dog.tests.clinicsPage.ClinicsPageTests" time="0">
    <skipped/>
  </testcase>
  <testcase name="fillClinicsForm" classname="org.nat.dog.tests.clinicsPage.ClinicsPageTests" time="0">
    <skipped message="Receiver class org.openqa.selenium.firefox.GeckoDriverService$Builder does not define or inherit an implementation of the resolved method abstract loadSystemProperties()V of abstract class org.openqa.selenium.remote.service.DriverService$Builder."/>
  </testcase>
  <testcase name="tearDown" classname="org.nat.dog.tests.clinicsPage.ClinicsPageTests" time="0">
    <skipped/>
  </testcase>
  <testcase name="tearDown" classname="org.nat.dog.tests.clinicsPage.ClinicsPageTests" time="0">
    <skipped/>
  </testcase>
  <testcase name="tearDown" classname="org.nat.dog.tests.clinicsPage.ClinicsPageTests" time="0">
    <skipped/>
  </testcase>
  <testcase name="isClinicsComponentPresentTest" classname="org.nat.dog.tests.clinicsPage.ClinicsPageTests" time="0">
    <skipped message="Receiver class org.openqa.selenium.firefox.GeckoDriverService$Builder does not define or inherit an implementation of the resolved method abstract loadSystemProperties()V of abstract class org.openqa.selenium.remote.service.DriverService$Builder."/>
  </testcase>
  <testcase name="showClinicsList" classname="org.nat.dog.tests.clinicsPage.ClinicsPageTests" time="0">
    <skipped message="Receiver class org.openqa.selenium.firefox.GeckoDriverService$Builder does not define or inherit an implementation of the resolved method abstract loadSystemProperties()V of abstract class org.openqa.selenium.remote.service.DriverService$Builder."/>
  </testcase>
  <testcase name="init" classname="org.nat.dog.tests.contactPage.ContactPageTests" time="0.006">
    <failure message="Receiver class org.openqa.selenium.firefox.GeckoDriverService$Builder does not define or inherit an implementation of the resolved method abstract loadSystemProperties()V of abstract class org.openqa.selenium.remote.service.DriverService$Builder." type="java.lang.AbstractMethodError"><![CDATA[java.lang.AbstractMethodError: Receiver class org.openqa.selenium.firefox.GeckoDriverService$Builder does not define or inherit an implementation of the resolved method abstract loadSystemProperties()V of abstract class org.openqa.selenium.remote.service.DriverService$Builder.
]]></failure>
  </testcase>
  <testcase name="init" classname="org.nat.dog.tests.contactPage.ContactPageTests" time="0">
    <skipped/>
  </testcase>
  <testcase name="startLogger" classname="org.nat.dog.tests.contactPage.ContactPageTests" time="0">
    <skipped/>
  </testcase>
  <testcase name="startLogger" classname="org.nat.dog.tests.contactPage.ContactPageTests" time="0">
    <skipped/>
  </testcase>
  <testcase name="precondition" classname="org.nat.dog.tests.contactPage.ContactPageTests" time="0">
    <skipped/>
  </testcase>
  <testcase name="precondition" classname="org.nat.dog.tests.contactPage.ContactPageTests" time="0">
    <skipped/>
  </testcase>
  <testcase name="fillInTouchFormTest" classname="org.nat.dog.tests.contactPage.ContactPageTests" time="0">
    <skipped message="Receiver class org.openqa.selenium.firefox.GeckoDriverService$Builder does not define or inherit an implementation of the resolved method abstract loadSystemProperties()V of abstract class org.openqa.selenium.remote.service.DriverService$Builder."/>
  </testcase>
  <testcase name="tearDown" classname="org.nat.dog.tests.contactPage.ContactPageTests" time="0">
    <skipped/>
  </testcase>
  <testcase name="tearDown" classname="org.nat.dog.tests.contactPage.ContactPageTests" time="0">
    <skipped/>
  </testcase>
  <testcase name="isGoingToGoogleMapsTest" classname="org.nat.dog.tests.contactPage.ContactPageTests" time="0">
    <skipped message="Receiver class org.openqa.selenium.firefox.GeckoDriverService$Builder does not define or inherit an implementation of the resolved method abstract loadSystemProperties()V of abstract class org.openqa.selenium.remote.service.DriverService$Builder."/>
  </testcase>
  <testcase name="init" classname="org.nat.dog.tests.kennelsPage.KennelsPageTests" time="0.012">
    <failure message="Receiver class org.openqa.selenium.firefox.GeckoDriverService$Builder does not define or inherit an implementation of the resolved method abstract loadSystemProperties()V of abstract class org.openqa.selenium.remote.service.DriverService$Builder." type="java.lang.AbstractMethodError"><![CDATA[java.lang.AbstractMethodError: Receiver class org.openqa.selenium.firefox.GeckoDriverService$Builder does not define or inherit an implementation of the resolved method abstract loadSystemProperties()V of abstract class org.openqa.selenium.remote.service.DriverService$Builder.
]]></failure>
  </testcase>
  <testcase name="init" classname="org.nat.dog.tests.kennelsPage.KennelsPageTests" time="0">
    <skipped/>
  </testcase>
  <testcase name="init" classname="org.nat.dog.tests.kennelsPage.KennelsPageTests" time="0">
    <skipped/>
  </testcase>
  <testcase name="startLogger" classname="org.nat.dog.tests.kennelsPage.KennelsPageTests" time="0">
    <skipped/>
  </testcase>
  <testcase name="startLogger" classname="org.nat.dog.tests.kennelsPage.KennelsPageTests" time="0">
    <skipped/>
  </testcase>
  <testcase name="startLogger" classname="org.nat.dog.tests.kennelsPage.KennelsPageTests" time="0">
    <skipped/>
  </testcase>
  <testcase name="precondition" classname="org.nat.dog.tests.kennelsPage.KennelsPageTests" time="0">
    <skipped/>
  </testcase>
  <testcase name="precondition" classname="org.nat.dog.tests.kennelsPage.KennelsPageTests" time="0">
    <skipped/>
  </testcase>
  <testcase name="precondition" classname="org.nat.dog.tests.kennelsPage.KennelsPageTests" time="0">
    <skipped/>
  </testcase>
  <testcase name="KennelsPageTests" classname="org.nat.dog.tests.kennelsPage.KennelsPageTests" time="0">
    <skipped message="Receiver class org.openqa.selenium.firefox.GeckoDriverService$Builder does not define or inherit an implementation of the resolved method abstract loadSystemProperties()V of abstract class org.openqa.selenium.remote.service.DriverService$Builder."/>
  </testcase>
  <testcase name="tearDown" classname="org.nat.dog.tests.kennelsPage.KennelsPageTests" time="0">
    <skipped/>
  </testcase>
  <testcase name="tearDown" classname="org.nat.dog.tests.kennelsPage.KennelsPageTests" time="0">
    <skipped/>
  </testcase>
  <testcase name="tearDown" classname="org.nat.dog.tests.kennelsPage.KennelsPageTests" time="0">
    <skipped/>
  </testcase>
  <testcase name="fillKennelsForm" classname="org.nat.dog.tests.kennelsPage.KennelsPageTests" time="0">
    <skipped message="Receiver class org.openqa.selenium.firefox.GeckoDriverService$Builder does not define or inherit an implementation of the resolved method abstract loadSystemProperties()V of abstract class org.openqa.selenium.remote.service.DriverService$Builder."/>
  </testcase>
  <testcase name="showKennelsList" classname="org.nat.dog.tests.kennelsPage.KennelsPageTests" time="0">
    <skipped message="Receiver class org.openqa.selenium.firefox.GeckoDriverService$Builder does not define or inherit an implementation of the resolved method abstract loadSystemProperties()V of abstract class org.openqa.selenium.remote.service.DriverService$Builder."/>
  </testcase>
</testsuite>